{"C:\\Users\\boris\\Desktop\\HtmlAcademy\\851191-what-to-watch-6\\src\\data-structure.js": {"path":"C:\\Users\\boris\\Desktop\\HtmlAcademy\\851191-what-to-watch-6\\src\\data-structure.js","statementMap":{"0":{"start":{"line":1,"column":30},"end":{"line":19,"column":1}},"1":{"start":{"line":21,"column":28},"end":{"line":79,"column":1}},"2":{"start":{"line":81,"column":31},"end":{"line":90,"column":1}},"3":{"start":{"line":92,"column":29},"end":{"line":95,"column":1}},"4":{"start":{"line":97,"column":33},"end":{"line":102,"column":1}}},"fnMap":{},"branchMap":{},"s":{"0":32,"1":32,"2":32,"3":32,"4":32},"f":{},"b":{},"_coverageSchema":"1a1c01bbd47fc00a2c39e90264f33305004495a9","hash":"f452368d3d7b0496f00458aea0f35be036c9d23d"}
,"C:\\Users\\boris\\Desktop\\HtmlAcademy\\851191-what-to-watch-6\\src\\api\\api-actions.js": {"path":"C:\\Users\\boris\\Desktop\\HtmlAcademy\\851191-what-to-watch-6\\src\\api\\api-actions.js","statementMap":{"0":{"start":{"line":3,"column":29},"end":{"line":3,"column":90}},"1":{"start":{"line":3,"column":35},"end":{"line":3,"column":90}},"2":{"start":{"line":3,"column":66},"end":{"line":3,"column":90}},"3":{"start":{"line":5,"column":29},"end":{"line":5,"column":103}},"4":{"start":{"line":5,"column":37},"end":{"line":5,"column":103}},"5":{"start":{"line":5,"column":68},"end":{"line":5,"column":103}},"6":{"start":{"line":7,"column":36},"end":{"line":7,"column":121}},"7":{"start":{"line":7,"column":49},"end":{"line":7,"column":121}},"8":{"start":{"line":7,"column":80},"end":{"line":7,"column":121}},"9":{"start":{"line":9,"column":25},"end":{"line":11,"column":1}},"10":{"start":{"line":9,"column":57},"end":{"line":11,"column":1}},"11":{"start":{"line":10,"column":2},"end":{"line":10,"column":71}},"12":{"start":{"line":13,"column":30},"end":{"line":13,"column":90}},"13":{"start":{"line":13,"column":36},"end":{"line":13,"column":90}},"14":{"start":{"line":13,"column":67},"end":{"line":13,"column":90}},"15":{"start":{"line":15,"column":25},"end":{"line":15,"column":85}},"16":{"start":{"line":15,"column":31},"end":{"line":15,"column":85}},"17":{"start":{"line":15,"column":62},"end":{"line":15,"column":85}},"18":{"start":{"line":17,"column":21},"end":{"line":17,"column":118}},"19":{"start":{"line":17,"column":44},"end":{"line":17,"column":118}},"20":{"start":{"line":17,"column":75},"end":{"line":17,"column":118}},"21":{"start":{"line":19,"column":34},"end":{"line":21,"column":1}},"22":{"start":{"line":19,"column":59},"end":{"line":21,"column":1}},"23":{"start":{"line":20,"column":2},"end":{"line":20,"column":98}}},"fnMap":{"0":{"name":"(anonymous_0)","decl":{"start":{"line":3,"column":29},"end":{"line":3,"column":30}},"loc":{"start":{"line":3,"column":35},"end":{"line":3,"column":90}},"line":3},"1":{"name":"(anonymous_1)","decl":{"start":{"line":3,"column":35},"end":{"line":3,"column":36}},"loc":{"start":{"line":3,"column":66},"end":{"line":3,"column":90}},"line":3},"2":{"name":"(anonymous_2)","decl":{"start":{"line":5,"column":29},"end":{"line":5,"column":30}},"loc":{"start":{"line":5,"column":37},"end":{"line":5,"column":103}},"line":5},"3":{"name":"(anonymous_3)","decl":{"start":{"line":5,"column":37},"end":{"line":5,"column":38}},"loc":{"start":{"line":5,"column":68},"end":{"line":5,"column":103}},"line":5},"4":{"name":"(anonymous_4)","decl":{"start":{"line":7,"column":36},"end":{"line":7,"column":37}},"loc":{"start":{"line":7,"column":49},"end":{"line":7,"column":121}},"line":7},"5":{"name":"(anonymous_5)","decl":{"start":{"line":7,"column":49},"end":{"line":7,"column":50}},"loc":{"start":{"line":7,"column":80},"end":{"line":7,"column":121}},"line":7},"6":{"name":"(anonymous_6)","decl":{"start":{"line":9,"column":25},"end":{"line":9,"column":26}},"loc":{"start":{"line":9,"column":57},"end":{"line":11,"column":1}},"line":9},"7":{"name":"(anonymous_7)","decl":{"start":{"line":9,"column":57},"end":{"line":9,"column":58}},"loc":{"start":{"line":9,"column":88},"end":{"line":11,"column":1}},"line":9},"8":{"name":"(anonymous_8)","decl":{"start":{"line":13,"column":30},"end":{"line":13,"column":31}},"loc":{"start":{"line":13,"column":36},"end":{"line":13,"column":90}},"line":13},"9":{"name":"(anonymous_9)","decl":{"start":{"line":13,"column":36},"end":{"line":13,"column":37}},"loc":{"start":{"line":13,"column":67},"end":{"line":13,"column":90}},"line":13},"10":{"name":"(anonymous_10)","decl":{"start":{"line":15,"column":25},"end":{"line":15,"column":26}},"loc":{"start":{"line":15,"column":31},"end":{"line":15,"column":85}},"line":15},"11":{"name":"(anonymous_11)","decl":{"start":{"line":15,"column":31},"end":{"line":15,"column":32}},"loc":{"start":{"line":15,"column":62},"end":{"line":15,"column":85}},"line":15},"12":{"name":"(anonymous_12)","decl":{"start":{"line":17,"column":21},"end":{"line":17,"column":22}},"loc":{"start":{"line":17,"column":44},"end":{"line":17,"column":118}},"line":17},"13":{"name":"(anonymous_13)","decl":{"start":{"line":17,"column":44},"end":{"line":17,"column":45}},"loc":{"start":{"line":17,"column":75},"end":{"line":17,"column":118}},"line":17},"14":{"name":"(anonymous_14)","decl":{"start":{"line":19,"column":34},"end":{"line":19,"column":35}},"loc":{"start":{"line":19,"column":59},"end":{"line":21,"column":1}},"line":19},"15":{"name":"(anonymous_15)","decl":{"start":{"line":19,"column":59},"end":{"line":19,"column":60}},"loc":{"start":{"line":19,"column":90},"end":{"line":21,"column":1}},"line":19}},"branchMap":{"0":{"loc":{"start":{"line":20,"column":53},"end":{"line":20,"column":71}},"type":"cond-expr","locations":[{"start":{"line":20,"column":66},"end":{"line":20,"column":67}},{"start":{"line":20,"column":70},"end":{"line":20,"column":71}}],"line":20}},"s":{"0":18,"1":9,"2":9,"3":18,"4":5,"5":5,"6":18,"7":3,"8":3,"9":18,"10":1,"11":1,"12":18,"13":1,"14":1,"15":18,"16":2,"17":2,"18":18,"19":1,"20":1,"21":18,"22":1,"23":1},"f":{"0":9,"1":9,"2":5,"3":5,"4":3,"5":3,"6":1,"7":1,"8":1,"9":1,"10":2,"11":2,"12":1,"13":1,"14":1,"15":1},"b":{"0":[1,0]},"_coverageSchema":"1a1c01bbd47fc00a2c39e90264f33305004495a9","hash":"4f4baee5bdb43e5fb5060300f47e5540d54d8c0d"}
,"C:\\Users\\boris\\Desktop\\HtmlAcademy\\851191-what-to-watch-6\\src\\api\\api.js": {"path":"C:\\Users\\boris\\Desktop\\HtmlAcademy\\851191-what-to-watch-6\\src\\api\\api.js","statementMap":{"0":{"start":{"line":3,"column":17},"end":{"line":3,"column":52}},"1":{"start":{"line":4,"column":16},"end":{"line":4,"column":20}},"2":{"start":{"line":6,"column":17},"end":{"line":8,"column":1}},"3":{"start":{"line":10,"column":25},"end":{"line":34,"column":1}},"4":{"start":{"line":11,"column":14},"end":{"line":15,"column":4}},"5":{"start":{"line":17,"column":20},"end":{"line":17,"column":42}},"6":{"start":{"line":17,"column":34},"end":{"line":17,"column":42}},"7":{"start":{"line":19,"column":17},"end":{"line":29,"column":3}},"8":{"start":{"line":20,"column":23},"end":{"line":20,"column":26}},"9":{"start":{"line":22,"column":4},"end":{"line":26,"column":5}},"10":{"start":{"line":23,"column":6},"end":{"line":23,"column":23}},"11":{"start":{"line":25,"column":6},"end":{"line":25,"column":16}},"12":{"start":{"line":28,"column":4},"end":{"line":28,"column":14}},"13":{"start":{"line":31,"column":2},"end":{"line":31,"column":51}},"14":{"start":{"line":33,"column":2},"end":{"line":33,"column":13}},"15":{"start":{"line":36,"column":24},"end":{"line":42,"column":1}}},"fnMap":{"0":{"name":"(anonymous_0)","decl":{"start":{"line":10,"column":25},"end":{"line":10,"column":26}},"loc":{"start":{"line":10,"column":45},"end":{"line":34,"column":1}},"line":10},"1":{"name":"(anonymous_1)","decl":{"start":{"line":17,"column":20},"end":{"line":17,"column":21}},"loc":{"start":{"line":17,"column":34},"end":{"line":17,"column":42}},"line":17},"2":{"name":"(anonymous_2)","decl":{"start":{"line":19,"column":17},"end":{"line":19,"column":18}},"loc":{"start":{"line":19,"column":26},"end":{"line":29,"column":3}},"line":19}},"branchMap":{"0":{"loc":{"start":{"line":22,"column":4},"end":{"line":26,"column":5}},"type":"if","locations":[{"start":{"line":22,"column":4},"end":{"line":26,"column":5}},{"start":{"line":22,"column":4},"end":{"line":26,"column":5}}],"line":22}},"s":{"0":18,"1":18,"2":18,"3":18,"4":12,"5":12,"6":8,"7":12,"8":1,"9":1,"10":1,"11":1,"12":0,"13":12,"14":12,"15":18},"f":{"0":12,"1":8,"2":1},"b":{"0":[1,0]},"_coverageSchema":"1a1c01bbd47fc00a2c39e90264f33305004495a9","hash":"2c9c404d0712b3430f3c95626896620f46091510"}
,"C:\\Users\\boris\\Desktop\\HtmlAcademy\\851191-what-to-watch-6\\src\\components\\add-review\\add-review.jsx": {"path":"C:\\Users\\boris\\Desktop\\HtmlAcademy\\851191-what-to-watch-6\\src\\components\\add-review\\add-review.jsx","statementMap":{"0":{"start":{"line":12,"column":18},"end":{"line":53,"column":1}},"1":{"start":{"line":13,"column":26},"end":{"line":13,"column":60}},"2":{"start":{"line":13,"column":49},"end":{"line":13,"column":59}},"3":{"start":{"line":14,"column":15},"end":{"line":14,"column":27}},"4":{"start":{"line":15,"column":18},"end":{"line":15,"column":34}},"5":{"start":{"line":17,"column":19},"end":{"line":17,"column":32}},"6":{"start":{"line":19,"column":2},"end":{"line":28,"column":16}},"7":{"start":{"line":20,"column":4},"end":{"line":22,"column":5}},"8":{"start":{"line":21,"column":6},"end":{"line":21,"column":43}},"9":{"start":{"line":24,"column":4},"end":{"line":26,"column":74}},"10":{"start":{"line":25,"column":24},"end":{"line":25,"column":59}},"11":{"start":{"line":26,"column":19},"end":{"line":26,"column":72}},"12":{"start":{"line":30,"column":2},"end":{"line":52,"column":4}},"13":{"start":{"line":55,"column":0},"end":{"line":57,"column":2}}},"fnMap":{"0":{"name":"(anonymous_0)","decl":{"start":{"line":12,"column":18},"end":{"line":12,"column":19}},"loc":{"start":{"line":12,"column":31},"end":{"line":53,"column":1}},"line":12},"1":{"name":"(anonymous_1)","decl":{"start":{"line":13,"column":38},"end":{"line":13,"column":39}},"loc":{"start":{"line":13,"column":49},"end":{"line":13,"column":59}},"line":13},"2":{"name":"(anonymous_2)","decl":{"start":{"line":19,"column":12},"end":{"line":19,"column":13}},"loc":{"start":{"line":19,"column":18},"end":{"line":28,"column":3}},"line":19},"3":{"name":"(anonymous_3)","decl":{"start":{"line":25,"column":12},"end":{"line":25,"column":13}},"loc":{"start":{"line":25,"column":24},"end":{"line":25,"column":59}},"line":25},"4":{"name":"(anonymous_4)","decl":{"start":{"line":26,"column":13},"end":{"line":26,"column":14}},"loc":{"start":{"line":26,"column":19},"end":{"line":26,"column":72}},"line":26}},"branchMap":{"0":{"loc":{"start":{"line":20,"column":4},"end":{"line":22,"column":5}},"type":"if","locations":[{"start":{"line":20,"column":4},"end":{"line":22,"column":5}},{"start":{"line":20,"column":4},"end":{"line":22,"column":5}}],"line":20},"1":{"loc":{"start":{"line":20,"column":8},"end":{"line":20,"column":53}},"type":"binary-expr","locations":[{"start":{"line":20,"column":8},"end":{"line":20,"column":21}},{"start":{"line":20,"column":25},"end":{"line":20,"column":53}}],"line":20},"2":{"loc":{"start":{"line":34,"column":11},"end":{"line":34,"column":110}},"type":"cond-expr","locations":[{"start":{"line":34,"column":27},"end":{"line":34,"column":96}},{"start":{"line":34,"column":99},"end":{"line":34,"column":110}}],"line":34},"3":{"loc":{"start":{"line":39,"column":9},"end":{"line":39,"column":93}},"type":"cond-expr","locations":[{"start":{"line":39,"column":25},"end":{"line":39,"column":79}},{"start":{"line":39,"column":82},"end":{"line":39,"column":93}}],"line":39},"4":{"loc":{"start":{"line":43,"column":11},"end":{"line":43,"column":131}},"type":"cond-expr","locations":[{"start":{"line":43,"column":27},"end":{"line":43,"column":117}},{"start":{"line":43,"column":120},"end":{"line":43,"column":131}}],"line":43}},"s":{"0":2,"1":2,"2":4,"3":2,"4":2,"5":2,"6":2,"7":2,"8":0,"9":2,"10":0,"11":0,"12":2,"13":2},"f":{"0":2,"1":4,"2":2,"3":0,"4":0},"b":{"0":[0,2],"1":[2,2],"2":[2,0],"3":[2,0],"4":[2,0]},"_coverageSchema":"1a1c01bbd47fc00a2c39e90264f33305004495a9","hash":"76ccd98c19bfce96d848d99e93b37f4f2bac48b8"}
,"C:\\Users\\boris\\Desktop\\HtmlAcademy\\851191-what-to-watch-6\\src\\components\\add-review-breadcrumbs\\add-review-breadcrumbs.jsx": {"path":"C:\\Users\\boris\\Desktop\\HtmlAcademy\\851191-what-to-watch-6\\src\\components\\add-review-breadcrumbs\\add-review-breadcrumbs.jsx","statementMap":{"0":{"start":{"line":7,"column":29},"end":{"line":22,"column":1}},"1":{"start":{"line":8,"column":20},"end":{"line":8,"column":52}},"2":{"start":{"line":10,"column":2},"end":{"line":21,"column":4}},"3":{"start":{"line":24,"column":0},"end":{"line":27,"column":2}}},"fnMap":{"0":{"name":"(anonymous_0)","decl":{"start":{"line":7,"column":29},"end":{"line":7,"column":30}},"loc":{"start":{"line":7,"column":45},"end":{"line":22,"column":1}},"line":7}},"branchMap":{},"s":{"0":10,"1":5,"2":5,"3":10},"f":{"0":5},"b":{},"_coverageSchema":"1a1c01bbd47fc00a2c39e90264f33305004495a9","hash":"0317491d199447ea772607feb6e95f4dd1e1f866"}
,"C:\\Users\\boris\\Desktop\\HtmlAcademy\\851191-what-to-watch-6\\src\\components\\add-review-form\\add-review-form.jsx": {"path":"C:\\Users\\boris\\Desktop\\HtmlAcademy\\851191-what-to-watch-6\\src\\components\\add-review-form\\add-review-form.jsx","statementMap":{"0":{"start":{"line":11,"column":27},"end":{"line":11,"column":29}},"1":{"start":{"line":12,"column":27},"end":{"line":12,"column":30}},"2":{"start":{"line":14,"column":24},"end":{"line":14,"column":108}},"3":{"start":{"line":14,"column":36},"end":{"line":14,"column":108}},"4":{"start":{"line":16,"column":25},"end":{"line":16,"column":124}},"5":{"start":{"line":16,"column":38},"end":{"line":16,"column":124}},"6":{"start":{"line":18,"column":29},"end":{"line":20,"column":1}},"7":{"start":{"line":19,"column":2},"end":{"line":19,"column":131}},"8":{"start":{"line":19,"column":43},"end":{"line":19,"column":129}},"9":{"start":{"line":22,"column":22},"end":{"line":84,"column":1}},"10":{"start":{"line":23,"column":19},"end":{"line":23,"column":32}},"11":{"start":{"line":25,"column":46},"end":{"line":28,"column":4}},"12":{"start":{"line":30,"column":27},"end":{"line":33,"column":3}},"13":{"start":{"line":31,"column":30},"end":{"line":31,"column":44}},"14":{"start":{"line":32,"column":4},"end":{"line":32,"column":64}},"15":{"start":{"line":35,"column":27},"end":{"line":49,"column":3}},"16":{"start":{"line":36,"column":4},"end":{"line":36,"column":25}},"17":{"start":{"line":37,"column":22},"end":{"line":37,"column":32}},"18":{"start":{"line":39,"column":4},"end":{"line":39,"column":39}},"19":{"start":{"line":41,"column":4},"end":{"line":48,"column":21}},"20":{"start":{"line":43,"column":8},"end":{"line":43,"column":44}},"21":{"start":{"line":44,"column":8},"end":{"line":44,"column":24}},"22":{"start":{"line":46,"column":22},"end":{"line":46,"column":64}},"23":{"start":{"line":47,"column":16},"end":{"line":47,"column":81}},"24":{"start":{"line":51,"column":26},"end":{"line":54,"column":3}},"25":{"start":{"line":52,"column":26},"end":{"line":52,"column":32}},"26":{"start":{"line":53,"column":4},"end":{"line":53,"column":58}},"27":{"start":{"line":56,"column":17},"end":{"line":56,"column":69}},"28":{"start":{"line":56,"column":31},"end":{"line":56,"column":68}},"29":{"start":{"line":58,"column":2},"end":{"line":83,"column":4}},"30":{"start":{"line":86,"column":0},"end":{"line":88,"column":2}}},"fnMap":{"0":{"name":"(anonymous_0)","decl":{"start":{"line":14,"column":24},"end":{"line":14,"column":25}},"loc":{"start":{"line":14,"column":36},"end":{"line":14,"column":108}},"line":14},"1":{"name":"(anonymous_1)","decl":{"start":{"line":16,"column":25},"end":{"line":16,"column":26}},"loc":{"start":{"line":16,"column":38},"end":{"line":16,"column":124}},"line":16},"2":{"name":"(anonymous_2)","decl":{"start":{"line":18,"column":29},"end":{"line":18,"column":30}},"loc":{"start":{"line":18,"column":50},"end":{"line":20,"column":1}},"line":18},"3":{"name":"(anonymous_3)","decl":{"start":{"line":19,"column":26},"end":{"line":19,"column":27}},"loc":{"start":{"line":19,"column":43},"end":{"line":19,"column":129}},"line":19},"4":{"name":"(anonymous_4)","decl":{"start":{"line":22,"column":22},"end":{"line":22,"column":23}},"loc":{"start":{"line":22,"column":32},"end":{"line":84,"column":1}},"line":22},"5":{"name":"(anonymous_5)","decl":{"start":{"line":30,"column":27},"end":{"line":30,"column":28}},"loc":{"start":{"line":30,"column":33},"end":{"line":33,"column":3}},"line":30},"6":{"name":"(anonymous_6)","decl":{"start":{"line":35,"column":27},"end":{"line":35,"column":28}},"loc":{"start":{"line":35,"column":36},"end":{"line":49,"column":3}},"line":35},"7":{"name":"(anonymous_7)","decl":{"start":{"line":42,"column":12},"end":{"line":42,"column":13}},"loc":{"start":{"line":42,"column":26},"end":{"line":45,"column":7}},"line":42},"8":{"name":"(anonymous_8)","decl":{"start":{"line":46,"column":10},"end":{"line":46,"column":11}},"loc":{"start":{"line":46,"column":22},"end":{"line":46,"column":64}},"line":46},"9":{"name":"(anonymous_9)","decl":{"start":{"line":47,"column":10},"end":{"line":47,"column":11}},"loc":{"start":{"line":47,"column":16},"end":{"line":47,"column":81}},"line":47},"10":{"name":"(anonymous_10)","decl":{"start":{"line":48,"column":11},"end":{"line":48,"column":12}},"loc":{"start":{"line":48,"column":17},"end":{"line":48,"column":19}},"line":48},"11":{"name":"(anonymous_11)","decl":{"start":{"line":51,"column":26},"end":{"line":51,"column":27}},"loc":{"start":{"line":51,"column":40},"end":{"line":54,"column":3}},"line":51},"12":{"name":"(anonymous_12)","decl":{"start":{"line":56,"column":25},"end":{"line":56,"column":26}},"loc":{"start":{"line":56,"column":31},"end":{"line":56,"column":68}},"line":56}},"branchMap":{"0":{"loc":{"start":{"line":14,"column":36},"end":{"line":14,"column":108}},"type":"binary-expr","locations":[{"start":{"line":14,"column":36},"end":{"line":14,"column":43}},{"start":{"line":14,"column":47},"end":{"line":14,"column":60}},{"start":{"line":14,"column":64},"end":{"line":14,"column":108}}],"line":14},"1":{"loc":{"start":{"line":16,"column":38},"end":{"line":16,"column":124}},"type":"binary-expr","locations":[{"start":{"line":16,"column":38},"end":{"line":16,"column":46}},{"start":{"line":16,"column":50},"end":{"line":16,"column":85}},{"start":{"line":16,"column":89},"end":{"line":16,"column":124}}],"line":16},"2":{"loc":{"start":{"line":32,"column":11},"end":{"line":32,"column":63}},"type":"binary-expr","locations":[{"start":{"line":32,"column":11},"end":{"line":32,"column":34}},{"start":{"line":32,"column":38},"end":{"line":32,"column":63}}],"line":32}},"s":{"0":3,"1":3,"2":3,"3":3,"4":3,"5":0,"6":3,"7":3,"8":30,"9":3,"10":3,"11":3,"12":3,"13":3,"14":3,"15":3,"16":0,"17":0,"18":0,"19":0,"20":0,"21":0,"22":0,"23":0,"24":3,"25":0,"26":0,"27":3,"28":3,"29":3,"30":3},"f":{"0":3,"1":0,"2":3,"3":30,"4":3,"5":3,"6":0,"7":0,"8":0,"9":0,"10":0,"11":0,"12":3},"b":{"0":[3,0,0],"1":[0,0,0],"2":[3,0]},"_coverageSchema":"1a1c01bbd47fc00a2c39e90264f33305004495a9","hash":"8ce71fa3305407a6906773fbffe765a7503a4e1e"}
,"C:\\Users\\boris\\Desktop\\HtmlAcademy\\851191-what-to-watch-6\\src\\components\\auth-check\\auth-check.jsx": {"path":"C:\\Users\\boris\\Desktop\\HtmlAcademy\\851191-what-to-watch-6\\src\\components\\auth-check\\auth-check.jsx","statementMap":{"0":{"start":{"line":3,"column":18},"end":{"line":7,"column":1}},"1":{"start":{"line":4,"column":2},"end":{"line":6,"column":8}}},"fnMap":{"0":{"name":"(anonymous_0)","decl":{"start":{"line":3,"column":18},"end":{"line":3,"column":19}},"loc":{"start":{"line":4,"column":2},"end":{"line":6,"column":8}},"line":4}},"branchMap":{},"s":{"0":1,"1":1},"f":{"0":1},"b":{},"_coverageSchema":"1a1c01bbd47fc00a2c39e90264f33305004495a9","hash":"cf5e321f2dd44a5dcb6ce2f4bb9f0404455ac6ab"}
,"C:\\Users\\boris\\Desktop\\HtmlAcademy\\851191-what-to-watch-6\\src\\components\\catalog\\catalog.jsx": {"path":"C:\\Users\\boris\\Desktop\\HtmlAcademy\\851191-what-to-watch-6\\src\\components\\catalog\\catalog.jsx","statementMap":{"0":{"start":{"line":9,"column":16},"end":{"line":34,"column":1}},"1":{"start":{"line":10,"column":56},"end":{"line":10,"column":96}},"2":{"start":{"line":11,"column":50},"end":{"line":11,"column":70}},"3":{"start":{"line":12,"column":15},"end":{"line":12,"column":27}},"4":{"start":{"line":14,"column":32},"end":{"line":16,"column":3}},"5":{"start":{"line":15,"column":4},"end":{"line":15,"column":88}},"6":{"start":{"line":18,"column":32},"end":{"line":20,"column":3}},"7":{"start":{"line":19,"column":4},"end":{"line":19,"column":40}},"8":{"start":{"line":22,"column":2},"end":{"line":33,"column":4}},"9":{"start":{"line":36,"column":0},"end":{"line":42,"column":2}}},"fnMap":{"0":{"name":"(anonymous_0)","decl":{"start":{"line":9,"column":16},"end":{"line":9,"column":17}},"loc":{"start":{"line":9,"column":81},"end":{"line":34,"column":1}},"line":9},"1":{"name":"(anonymous_1)","decl":{"start":{"line":14,"column":32},"end":{"line":14,"column":33}},"loc":{"start":{"line":14,"column":38},"end":{"line":16,"column":3}},"line":14},"2":{"name":"(anonymous_2)","decl":{"start":{"line":18,"column":32},"end":{"line":18,"column":33}},"loc":{"start":{"line":18,"column":52},"end":{"line":20,"column":3}},"line":18}},"branchMap":{"0":{"loc":{"start":{"line":9,"column":39},"end":{"line":9,"column":56}},"type":"default-arg","locations":[{"start":{"line":9,"column":52},"end":{"line":9,"column":56}}],"line":9},"1":{"loc":{"start":{"line":9,"column":58},"end":{"line":9,"column":75}},"type":"default-arg","locations":[{"start":{"line":9,"column":71},"end":{"line":9,"column":75}}],"line":9},"2":{"loc":{"start":{"line":24,"column":7},"end":{"line":24,"column":124}},"type":"cond-expr","locations":[{"start":{"line":24,"column":12},"end":{"line":24,"column":62}},{"start":{"line":24,"column":65},"end":{"line":24,"column":124}}],"line":24},"3":{"loc":{"start":{"line":26,"column":7},"end":{"line":26,"column":73}},"type":"binary-expr","locations":[{"start":{"line":26,"column":7},"end":{"line":26,"column":17}},{"start":{"line":26,"column":21},"end":{"line":26,"column":73}}],"line":26},"4":{"loc":{"start":{"line":30,"column":7},"end":{"line":30,"column":78}},"type":"binary-expr","locations":[{"start":{"line":30,"column":7},"end":{"line":30,"column":23}},{"start":{"line":30,"column":27},"end":{"line":30,"column":78}}],"line":30}},"s":{"0":5,"1":17,"2":17,"3":17,"4":17,"5":0,"6":17,"7":12,"8":17,"9":5},"f":{"0":17,"1":0,"2":12},"b":{"0":[9],"1":[15],"2":[2,15],"3":[17,9],"4":[17,5]},"_coverageSchema":"1a1c01bbd47fc00a2c39e90264f33305004495a9","hash":"dd282da2d2317bc6fa80da526890019c8747bdeb"}
,"C:\\Users\\boris\\Desktop\\HtmlAcademy\\851191-what-to-watch-6\\src\\components\\exit-button\\exit-button.jsx": {"path":"C:\\Users\\boris\\Desktop\\HtmlAcademy\\851191-what-to-watch-6\\src\\components\\exit-button\\exit-button.jsx","statementMap":{"0":{"start":{"line":5,"column":19},"end":{"line":8,"column":1}},"1":{"start":{"line":6,"column":32},"end":{"line":6,"column":68}},"2":{"start":{"line":6,"column":55},"end":{"line":6,"column":67}},"3":{"start":{"line":7,"column":2},"end":{"line":7,"column":81}}},"fnMap":{"0":{"name":"(anonymous_0)","decl":{"start":{"line":5,"column":19},"end":{"line":5,"column":20}},"loc":{"start":{"line":5,"column":25},"end":{"line":8,"column":1}},"line":5},"1":{"name":"(anonymous_1)","decl":{"start":{"line":6,"column":44},"end":{"line":6,"column":45}},"loc":{"start":{"line":6,"column":55},"end":{"line":6,"column":67}},"line":6}},"branchMap":{},"s":{"0":9,"1":3,"2":6,"3":3},"f":{"0":3,"1":6},"b":{},"_coverageSchema":"1a1c01bbd47fc00a2c39e90264f33305004495a9","hash":"897cec441a667877d32451c50af4e76705bb2604"}
,"C:\\Users\\boris\\Desktop\\HtmlAcademy\\851191-what-to-watch-6\\src\\components\\footer\\footer.jsx": {"path":"C:\\Users\\boris\\Desktop\\HtmlAcademy\\851191-what-to-watch-6\\src\\components\\footer\\footer.jsx","statementMap":{"0":{"start":{"line":4,"column":15},"end":{"line":14,"column":1}},"1":{"start":{"line":5,"column":2},"end":{"line":13,"column":11}}},"fnMap":{"0":{"name":"(anonymous_0)","decl":{"start":{"line":4,"column":15},"end":{"line":4,"column":16}},"loc":{"start":{"line":5,"column":2},"end":{"line":13,"column":11}},"line":5}},"branchMap":{},"s":{"0":6,"1":9},"f":{"0":9},"b":{},"_coverageSchema":"1a1c01bbd47fc00a2c39e90264f33305004495a9","hash":"a4a1866e3b82131d61ee26335acf2fe1e3faa9d4"}
,"C:\\Users\\boris\\Desktop\\HtmlAcademy\\851191-what-to-watch-6\\src\\components\\genre\\genre.jsx": {"path":"C:\\Users\\boris\\Desktop\\HtmlAcademy\\851191-what-to-watch-6\\src\\components\\genre\\genre.jsx","statementMap":{"0":{"start":{"line":8,"column":14},"end":{"line":22,"column":1}},"1":{"start":{"line":9,"column":28},"end":{"line":13,"column":3}},"2":{"start":{"line":10,"column":4},"end":{"line":10,"column":25}},"3":{"start":{"line":11,"column":4},"end":{"line":11,"column":24}},"4":{"start":{"line":12,"column":4},"end":{"line":12,"column":50}},"5":{"start":{"line":15,"column":2},"end":{"line":21,"column":4}},"6":{"start":{"line":24,"column":0},"end":{"line":29,"column":2}}},"fnMap":{"0":{"name":"(anonymous_0)","decl":{"start":{"line":8,"column":14},"end":{"line":8,"column":15}},"loc":{"start":{"line":8,"column":72},"end":{"line":22,"column":1}},"line":8},"1":{"name":"(anonymous_1)","decl":{"start":{"line":9,"column":28},"end":{"line":9,"column":29}},"loc":{"start":{"line":9,"column":37},"end":{"line":13,"column":3}},"line":9}},"branchMap":{},"s":{"0":7,"1":15,"2":0,"3":0,"4":0,"5":15,"6":7},"f":{"0":15,"1":0},"b":{},"_coverageSchema":"1a1c01bbd47fc00a2c39e90264f33305004495a9","hash":"e92cedb8f66af7e24061aa67516b0d11aa20a326"}
,"C:\\Users\\boris\\Desktop\\HtmlAcademy\\851191-what-to-watch-6\\src\\components\\genres-list\\genres-list.jsx": {"path":"C:\\Users\\boris\\Desktop\\HtmlAcademy\\851191-what-to-watch-6\\src\\components\\genres-list\\genres-list.jsx","statementMap":{"0":{"start":{"line":7,"column":19},"end":{"line":25,"column":1}},"1":{"start":{"line":8,"column":33},"end":{"line":8,"column":67}},"2":{"start":{"line":8,"column":56},"end":{"line":8,"column":66}},"3":{"start":{"line":9,"column":20},"end":{"line":9,"column":50}},"4":{"start":{"line":9,"column":44},"end":{"line":9,"column":49}},"5":{"start":{"line":10,"column":23},"end":{"line":10,"column":60}},"6":{"start":{"line":12,"column":19},"end":{"line":12,"column":32}},"7":{"start":{"line":14,"column":23},"end":{"line":16,"column":3}},"8":{"start":{"line":15,"column":4},"end":{"line":15,"column":47}},"9":{"start":{"line":18,"column":28},"end":{"line":18,"column":170}},"10":{"start":{"line":18,"column":42},"end":{"line":18,"column":170}},"11":{"start":{"line":20,"column":2},"end":{"line":24,"column":4}},"12":{"start":{"line":22,"column":38},"end":{"line":22,"column":65}},"13":{"start":{"line":27,"column":0},"end":{"line":29,"column":2}}},"fnMap":{"0":{"name":"(anonymous_0)","decl":{"start":{"line":7,"column":19},"end":{"line":7,"column":20}},"loc":{"start":{"line":7,"column":40},"end":{"line":25,"column":1}},"line":7},"1":{"name":"(anonymous_1)","decl":{"start":{"line":8,"column":45},"end":{"line":8,"column":46}},"loc":{"start":{"line":8,"column":56},"end":{"line":8,"column":66}},"line":8},"2":{"name":"(anonymous_2)","decl":{"start":{"line":9,"column":31},"end":{"line":9,"column":32}},"loc":{"start":{"line":9,"column":44},"end":{"line":9,"column":49}},"line":9},"3":{"name":"(anonymous_3)","decl":{"start":{"line":14,"column":23},"end":{"line":14,"column":24}},"loc":{"start":{"line":14,"column":42},"end":{"line":16,"column":3}},"line":14},"4":{"name":"(anonymous_4)","decl":{"start":{"line":18,"column":28},"end":{"line":18,"column":29}},"loc":{"start":{"line":18,"column":42},"end":{"line":18,"column":170}},"line":18},"5":{"name":"(anonymous_5)","decl":{"start":{"line":22,"column":24},"end":{"line":22,"column":25}},"loc":{"start":{"line":22,"column":38},"end":{"line":22,"column":65}},"line":22}},"branchMap":{},"s":{"0":6,"1":7,"2":11,"3":7,"4":7,"5":7,"6":7,"7":7,"8":0,"9":7,"10":14,"11":7,"12":14,"13":6},"f":{"0":7,"1":11,"2":7,"3":0,"4":14,"5":14},"b":{},"_coverageSchema":"1a1c01bbd47fc00a2c39e90264f33305004495a9","hash":"7ae52300969b6af3deb7b5c8e6519ea1d88075e2"}
,"C:\\Users\\boris\\Desktop\\HtmlAcademy\\851191-what-to-watch-6\\src\\components\\header\\header.jsx": {"path":"C:\\Users\\boris\\Desktop\\HtmlAcademy\\851191-what-to-watch-6\\src\\components\\header\\header.jsx","statementMap":{"0":{"start":{"line":10,"column":15},"end":{"line":31,"column":1}},"1":{"start":{"line":11,"column":26},"end":{"line":11,"column":31}},"2":{"start":{"line":13,"column":22},"end":{"line":16,"column":4}},"3":{"start":{"line":18,"column":22},"end":{"line":18,"column":101}},"4":{"start":{"line":20,"column":2},"end":{"line":30,"column":4}},"5":{"start":{"line":34,"column":0},"end":{"line":40,"column":2}}},"fnMap":{"0":{"name":"(anonymous_0)","decl":{"start":{"line":10,"column":15},"end":{"line":10,"column":16}},"loc":{"start":{"line":10,"column":63},"end":{"line":31,"column":1}},"line":10}},"branchMap":{"0":{"loc":{"start":{"line":14,"column":24},"end":{"line":14,"column":102}},"type":"binary-expr","locations":[{"start":{"line":14,"column":24},"end":{"line":14,"column":63}},{"start":{"line":14,"column":67},"end":{"line":14,"column":91}},{"start":{"line":14,"column":95},"end":{"line":14,"column":102}}],"line":14},"1":{"loc":{"start":{"line":15,"column":23},"end":{"line":15,"column":93}},"type":"binary-expr","locations":[{"start":{"line":15,"column":23},"end":{"line":15,"column":50}},{"start":{"line":15,"column":54},"end":{"line":15,"column":81}},{"start":{"line":15,"column":85},"end":{"line":15,"column":93}}],"line":15},"2":{"loc":{"start":{"line":24,"column":7},"end":{"line":24,"column":71}},"type":"binary-expr","locations":[{"start":{"line":24,"column":7},"end":{"line":24,"column":18}},{"start":{"line":24,"column":22},"end":{"line":24,"column":71}}],"line":24}},"s":{"0":9,"1":16,"2":16,"3":16,"4":16,"5":9},"f":{"0":16},"b":{"0":[16,14,9],"1":[16,14,13],"2":[16,4]},"_coverageSchema":"1a1c01bbd47fc00a2c39e90264f33305004495a9","hash":"0558d66321690f9f9a2d7c6b2362d9787c30f369"}
,"C:\\Users\\boris\\Desktop\\HtmlAcademy\\851191-what-to-watch-6\\src\\components\\layout-router\\layout-router.jsx": {"path":"C:\\Users\\boris\\Desktop\\HtmlAcademy\\851191-what-to-watch-6\\src\\components\\layout-router\\layout-router.jsx","statementMap":{"0":{"start":{"line":13,"column":21},"end":{"line":49,"column":1}},"1":{"start":{"line":14,"column":2},"end":{"line":48,"column":11}},"2":{"start":{"line":24,"column":20},"end":{"line":24,"column":30}},"3":{"start":{"line":29,"column":20},"end":{"line":29,"column":33}},"4":{"start":{"line":33,"column":8},"end":{"line":35,"column":10}},"5":{"start":{"line":40,"column":8},"end":{"line":42,"column":10}}},"fnMap":{"0":{"name":"(anonymous_0)","decl":{"start":{"line":13,"column":21},"end":{"line":13,"column":22}},"loc":{"start":{"line":14,"column":2},"end":{"line":48,"column":11}},"line":14},"1":{"name":"(anonymous_1)","decl":{"start":{"line":24,"column":14},"end":{"line":24,"column":15}},"loc":{"start":{"line":24,"column":20},"end":{"line":24,"column":30}},"line":24},"2":{"name":"(anonymous_2)","decl":{"start":{"line":29,"column":14},"end":{"line":29,"column":15}},"loc":{"start":{"line":29,"column":20},"end":{"line":29,"column":33}},"line":29},"3":{"name":"(anonymous_3)","decl":{"start":{"line":32,"column":14},"end":{"line":32,"column":15}},"loc":{"start":{"line":33,"column":8},"end":{"line":35,"column":10}},"line":33},"4":{"name":"(anonymous_4)","decl":{"start":{"line":39,"column":14},"end":{"line":39,"column":15}},"loc":{"start":{"line":40,"column":8},"end":{"line":42,"column":10}},"line":40}},"branchMap":{},"s":{"0":1,"1":6,"2":1,"3":1,"4":1,"5":1},"f":{"0":6,"1":1,"2":1,"3":1,"4":1},"b":{},"_coverageSchema":"1a1c01bbd47fc00a2c39e90264f33305004495a9","hash":"58257e4cb162712af761fdce82f16f4a9449e1b1"}
,"C:\\Users\\boris\\Desktop\\HtmlAcademy\\851191-what-to-watch-6\\src\\components\\loading\\loading.jsx": {"path":"C:\\Users\\boris\\Desktop\\HtmlAcademy\\851191-what-to-watch-6\\src\\components\\loading\\loading.jsx","statementMap":{"0":{"start":{"line":3,"column":16},"end":{"line":7,"column":1}},"1":{"start":{"line":4,"column":2},"end":{"line":6,"column":8}}},"fnMap":{"0":{"name":"(anonymous_0)","decl":{"start":{"line":3,"column":16},"end":{"line":3,"column":17}},"loc":{"start":{"line":4,"column":2},"end":{"line":6,"column":8}},"line":4}},"branchMap":{},"s":{"0":11,"1":1},"f":{"0":1},"b":{},"_coverageSchema":"1a1c01bbd47fc00a2c39e90264f33305004495a9","hash":"96b86130ed4d3aa339140895a595c19516a86734"}
,"C:\\Users\\boris\\Desktop\\HtmlAcademy\\851191-what-to-watch-6\\src\\components\\logo\\logo.jsx": {"path":"C:\\Users\\boris\\Desktop\\HtmlAcademy\\851191-what-to-watch-6\\src\\components\\logo\\logo.jsx","statementMap":{"0":{"start":{"line":8,"column":25},"end":{"line":14,"column":1}},"1":{"start":{"line":9,"column":2},"end":{"line":13,"column":5}},"2":{"start":{"line":16,"column":13},"end":{"line":25,"column":1}},"3":{"start":{"line":17,"column":25},"end":{"line":17,"column":86}},"4":{"start":{"line":18,"column":21},"end":{"line":18,"column":58}},"5":{"start":{"line":20,"column":2},"end":{"line":24,"column":4}},"6":{"start":{"line":27,"column":0},"end":{"line":30,"column":2}}},"fnMap":{"0":{"name":"(anonymous_0)","decl":{"start":{"line":8,"column":25},"end":{"line":8,"column":26}},"loc":{"start":{"line":9,"column":2},"end":{"line":13,"column":5}},"line":9},"1":{"name":"(anonymous_1)","decl":{"start":{"line":16,"column":13},"end":{"line":16,"column":14}},"loc":{"start":{"line":16,"column":50},"end":{"line":25,"column":1}},"line":16}},"branchMap":{"0":{"loc":{"start":{"line":16,"column":15},"end":{"line":16,"column":34}},"type":"default-arg","locations":[{"start":{"line":16,"column":29},"end":{"line":16,"column":34}}],"line":16},"1":{"loc":{"start":{"line":22,"column":7},"end":{"line":22,"column":162}},"type":"cond-expr","locations":[{"start":{"line":22,"column":20},"end":{"line":22,"column":78}},{"start":{"line":22,"column":81},"end":{"line":22,"column":162}}],"line":22}},"s":{"0":11,"1":26,"2":11,"3":26,"4":26,"5":26,"6":11},"f":{"0":26,"1":26},"b":{"0":[17],"1":[9,17]},"_coverageSchema":"1a1c01bbd47fc00a2c39e90264f33305004495a9","hash":"f32aacdbcd1b865c47718ff9bcbffcda45a89b80"}
,"C:\\Users\\boris\\Desktop\\HtmlAcademy\\851191-what-to-watch-6\\src\\components\\main\\main.jsx": {"path":"C:\\Users\\boris\\Desktop\\HtmlAcademy\\851191-what-to-watch-6\\src\\components\\main\\main.jsx","statementMap":{"0":{"start":{"line":6,"column":13},"end":{"line":18,"column":1}},"1":{"start":{"line":7,"column":2},"end":{"line":17,"column":5}}},"fnMap":{"0":{"name":"(anonymous_0)","decl":{"start":{"line":6,"column":13},"end":{"line":6,"column":14}},"loc":{"start":{"line":7,"column":2},"end":{"line":17,"column":5}},"line":7}},"branchMap":{},"s":{"0":2,"1":2},"f":{"0":2},"b":{},"_coverageSchema":"1a1c01bbd47fc00a2c39e90264f33305004495a9","hash":"2a19bd5cf066aa997e7b3dcc642fcfdb24b751b7"}
,"C:\\Users\\boris\\Desktop\\HtmlAcademy\\851191-what-to-watch-6\\src\\components\\movie-card\\movie-card.jsx": {"path":"C:\\Users\\boris\\Desktop\\HtmlAcademy\\851191-what-to-watch-6\\src\\components\\movie-card\\movie-card.jsx","statementMap":{"0":{"start":{"line":10,"column":18},"end":{"line":27,"column":1}},"1":{"start":{"line":11,"column":23},"end":{"line":11,"column":49}},"2":{"start":{"line":13,"column":31},"end":{"line":13,"column":64}},"3":{"start":{"line":13,"column":39},"end":{"line":13,"column":64}},"4":{"start":{"line":15,"column":31},"end":{"line":15,"column":60}},"5":{"start":{"line":15,"column":37},"end":{"line":15,"column":60}},"6":{"start":{"line":17,"column":2},"end":{"line":26,"column":4}},"7":{"start":{"line":18,"column":33},"end":{"line":18,"column":62}},"8":{"start":{"line":29,"column":0},"end":{"line":32,"column":2}},"9":{"start":{"line":34,"column":0},"end":{"line":37,"column":2}},"10":{"start":{"line":39,"column":0},"end":{"line":46,"column":2}}},"fnMap":{"0":{"name":"(anonymous_0)","decl":{"start":{"line":10,"column":18},"end":{"line":10,"column":19}},"loc":{"start":{"line":10,"column":125},"end":{"line":27,"column":1}},"line":10},"1":{"name":"(anonymous_1)","decl":{"start":{"line":13,"column":31},"end":{"line":13,"column":32}},"loc":{"start":{"line":13,"column":39},"end":{"line":13,"column":64}},"line":13},"2":{"name":"(anonymous_2)","decl":{"start":{"line":15,"column":31},"end":{"line":15,"column":32}},"loc":{"start":{"line":15,"column":37},"end":{"line":15,"column":60}},"line":15},"3":{"name":"(anonymous_3)","decl":{"start":{"line":18,"column":27},"end":{"line":18,"column":28}},"loc":{"start":{"line":18,"column":33},"end":{"line":18,"column":62}},"line":18}},"branchMap":{"0":{"loc":{"start":{"line":21,"column":11},"end":{"line":21,"column":125}},"type":"cond-expr","locations":[{"start":{"line":21,"column":26},"end":{"line":21,"column":75}},{"start":{"line":21,"column":78},"end":{"line":21,"column":125}}],"line":21},"1":{"loc":{"start":{"line":24,"column":7},"end":{"line":24,"column":71}},"type":"binary-expr","locations":[{"start":{"line":24,"column":7},"end":{"line":24,"column":20}},{"start":{"line":24,"column":24},"end":{"line":24,"column":71}}],"line":24}},"s":{"0":7,"1":1,"2":1,"3":0,"4":1,"5":0,"6":1,"7":0,"8":7,"9":7,"10":7},"f":{"0":1,"1":0,"2":0,"3":0},"b":{"0":[0,1],"1":[1,1]},"_coverageSchema":"1a1c01bbd47fc00a2c39e90264f33305004495a9","hash":"d94de3d15376da9d2fb1d3c6863e9a2f754d3d89"}
,"C:\\Users\\boris\\Desktop\\HtmlAcademy\\851191-what-to-watch-6\\src\\components\\movie-card-add-to-list-button\\movie-card-add-to-list-button.jsx": {"path":"C:\\Users\\boris\\Desktop\\HtmlAcademy\\851191-what-to-watch-6\\src\\components\\movie-card-add-to-list-button\\movie-card-add-to-list-button.jsx","statementMap":{"0":{"start":{"line":8,"column":21},"end":{"line":12,"column":1}},"1":{"start":{"line":9,"column":2},"end":{"line":11,"column":8}},"2":{"start":{"line":14,"column":24},"end":{"line":18,"column":1}},"3":{"start":{"line":15,"column":2},"end":{"line":17,"column":8}},"4":{"start":{"line":20,"column":33},"end":{"line":38,"column":1}},"5":{"start":{"line":21,"column":26},"end":{"line":21,"column":60}},"6":{"start":{"line":21,"column":49},"end":{"line":21,"column":59}},"7":{"start":{"line":22,"column":40},"end":{"line":22,"column":53}},"8":{"start":{"line":23,"column":18},"end":{"line":23,"column":30}},"9":{"start":{"line":24,"column":19},"end":{"line":24,"column":32}},"10":{"start":{"line":26,"column":31},"end":{"line":30,"column":3}},"11":{"start":{"line":27,"column":4},"end":{"line":29,"column":53}},"12":{"start":{"line":28,"column":24},"end":{"line":28,"column":65}},"13":{"start":{"line":29,"column":19},"end":{"line":29,"column":51}},"14":{"start":{"line":32,"column":2},"end":{"line":37,"column":4}}},"fnMap":{"0":{"name":"(anonymous_0)","decl":{"start":{"line":8,"column":21},"end":{"line":8,"column":22}},"loc":{"start":{"line":9,"column":2},"end":{"line":11,"column":8}},"line":9},"1":{"name":"(anonymous_1)","decl":{"start":{"line":14,"column":24},"end":{"line":14,"column":25}},"loc":{"start":{"line":15,"column":2},"end":{"line":17,"column":8}},"line":15},"2":{"name":"(anonymous_2)","decl":{"start":{"line":20,"column":33},"end":{"line":20,"column":34}},"loc":{"start":{"line":20,"column":39},"end":{"line":38,"column":1}},"line":20},"3":{"name":"(anonymous_3)","decl":{"start":{"line":21,"column":38},"end":{"line":21,"column":39}},"loc":{"start":{"line":21,"column":49},"end":{"line":21,"column":59}},"line":21},"4":{"name":"(anonymous_4)","decl":{"start":{"line":26,"column":31},"end":{"line":26,"column":32}},"loc":{"start":{"line":26,"column":37},"end":{"line":30,"column":3}},"line":26},"5":{"name":"(anonymous_5)","decl":{"start":{"line":28,"column":12},"end":{"line":28,"column":13}},"loc":{"start":{"line":28,"column":24},"end":{"line":28,"column":65}},"line":28},"6":{"name":"(anonymous_6)","decl":{"start":{"line":29,"column":13},"end":{"line":29,"column":14}},"loc":{"start":{"line":29,"column":19},"end":{"line":29,"column":51}},"line":29}},"branchMap":{"0":{"loc":{"start":{"line":34,"column":7},"end":{"line":34,"column":54}},"type":"cond-expr","locations":[{"start":{"line":34,"column":20},"end":{"line":34,"column":34}},{"start":{"line":34,"column":37},"end":{"line":34,"column":54}}],"line":34}},"s":{"0":8,"1":0,"2":8,"3":10,"4":8,"5":10,"6":20,"7":10,"8":10,"9":10,"10":10,"11":0,"12":0,"13":0,"14":10},"f":{"0":0,"1":10,"2":10,"3":20,"4":0,"5":0,"6":0},"b":{"0":[0,10]},"_coverageSchema":"1a1c01bbd47fc00a2c39e90264f33305004495a9","hash":"bf9ca5b1ee6e2ac889ee8cb15be7bb297a9b95f7"}
,"C:\\Users\\boris\\Desktop\\HtmlAcademy\\851191-what-to-watch-6\\src\\components\\movie-card-buttons\\movie-card-buttons.jsx": {"path":"C:\\Users\\boris\\Desktop\\HtmlAcademy\\851191-what-to-watch-6\\src\\components\\movie-card-buttons\\movie-card-buttons.jsx","statementMap":{"0":{"start":{"line":8,"column":25},"end":{"line":20,"column":1}},"1":{"start":{"line":9,"column":26},"end":{"line":9,"column":60}},"2":{"start":{"line":9,"column":49},"end":{"line":9,"column":59}},"3":{"start":{"line":11,"column":2},"end":{"line":19,"column":4}},"4":{"start":{"line":22,"column":0},"end":{"line":24,"column":2}}},"fnMap":{"0":{"name":"(anonymous_0)","decl":{"start":{"line":8,"column":25},"end":{"line":8,"column":26}},"loc":{"start":{"line":8,"column":47},"end":{"line":20,"column":1}},"line":8},"1":{"name":"(anonymous_1)","decl":{"start":{"line":9,"column":38},"end":{"line":9,"column":39}},"loc":{"start":{"line":9,"column":49},"end":{"line":9,"column":59}},"line":9}},"branchMap":{"0":{"loc":{"start":{"line":16,"column":7},"end":{"line":16,"column":120}},"type":"binary-expr","locations":[{"start":{"line":16,"column":7},"end":{"line":16,"column":20}},{"start":{"line":16,"column":24},"end":{"line":16,"column":38}},{"start":{"line":16,"column":42},"end":{"line":16,"column":120}}],"line":16}},"s":{"0":7,"1":9,"2":18,"3":9,"4":7},"f":{"0":9,"1":18},"b":{"0":[9,8,4]},"_coverageSchema":"1a1c01bbd47fc00a2c39e90264f33305004495a9","hash":"222537f73066a1402db6510f821ea11d8dd50988"}
,"C:\\Users\\boris\\Desktop\\HtmlAcademy\\851191-what-to-watch-6\\src\\components\\movie-card-description\\movie-card-description.jsx": {"path":"C:\\Users\\boris\\Desktop\\HtmlAcademy\\851191-what-to-watch-6\\src\\components\\movie-card-description\\movie-card-description.jsx","statementMap":{"0":{"start":{"line":6,"column":29},"end":{"line":17,"column":1}},"1":{"start":{"line":7,"column":2},"end":{"line":16,"column":8}},"2":{"start":{"line":19,"column":0},"end":{"line":21,"column":2}},"3":{"start":{"line":23,"column":0},"end":{"line":27,"column":2}}},"fnMap":{"0":{"name":"(anonymous_0)","decl":{"start":{"line":6,"column":29},"end":{"line":6,"column":30}},"loc":{"start":{"line":7,"column":2},"end":{"line":16,"column":8}},"line":7}},"branchMap":{},"s":{"0":6,"1":7,"2":6,"3":6},"f":{"0":7},"b":{},"_coverageSchema":"1a1c01bbd47fc00a2c39e90264f33305004495a9","hash":"31d2a3920cc7a57fbc588c077d9e0e21ffd9e6f8"}
,"C:\\Users\\boris\\Desktop\\HtmlAcademy\\851191-what-to-watch-6\\src\\components\\movie-card-details\\movie-card-details.jsx": {"path":"C:\\Users\\boris\\Desktop\\HtmlAcademy\\851191-what-to-watch-6\\src\\components\\movie-card-details\\movie-card-details.jsx","statementMap":{"0":{"start":{"line":5,"column":25},"end":{"line":35,"column":1}},"1":{"start":{"line":6,"column":2},"end":{"line":34,"column":8}},"2":{"start":{"line":37,"column":0},"end":{"line":43,"column":2}}},"fnMap":{"0":{"name":"(anonymous_0)","decl":{"start":{"line":5,"column":25},"end":{"line":5,"column":26}},"loc":{"start":{"line":6,"column":2},"end":{"line":34,"column":8}},"line":6}},"branchMap":{},"s":{"0":3,"1":1,"2":3},"f":{"0":1},"b":{},"_coverageSchema":"1a1c01bbd47fc00a2c39e90264f33305004495a9","hash":"ddb95cbfa7d00e00e9f4ef132441d68b09742876"}
,"C:\\Users\\boris\\Desktop\\HtmlAcademy\\851191-what-to-watch-6\\src\\components\\movie-card-image\\movie-card-image.jsx": {"path":"C:\\Users\\boris\\Desktop\\HtmlAcademy\\851191-what-to-watch-6\\src\\components\\movie-card-image\\movie-card-image.jsx","statementMap":{"0":{"start":{"line":4,"column":23},"end":{"line":4,"column":101}},"1":{"start":{"line":4,"column":44},"end":{"line":4,"column":101}},"2":{"start":{"line":6,"column":0},"end":{"line":9,"column":2}}},"fnMap":{"0":{"name":"(anonymous_0)","decl":{"start":{"line":4,"column":23},"end":{"line":4,"column":24}},"loc":{"start":{"line":4,"column":44},"end":{"line":4,"column":101}},"line":4}},"branchMap":{},"s":{"0":8,"1":2,"2":8},"f":{"0":2},"b":{},"_coverageSchema":"1a1c01bbd47fc00a2c39e90264f33305004495a9","hash":"9985d1433932ccb03dafeb3ec7b2d50b1374d382"}
,"C:\\Users\\boris\\Desktop\\HtmlAcademy\\851191-what-to-watch-6\\src\\components\\movie-card-navigation\\movie-card-navigation.jsx": {"path":"C:\\Users\\boris\\Desktop\\HtmlAcademy\\851191-what-to-watch-6\\src\\components\\movie-card-navigation\\movie-card-navigation.jsx","statementMap":{"0":{"start":{"line":6,"column":28},"end":{"line":12,"column":1}},"1":{"start":{"line":7,"column":2},"end":{"line":11,"column":8}},"2":{"start":{"line":9,"column":31},"end":{"line":9,"column":108}},"3":{"start":{"line":14,"column":0},"end":{"line":17,"column":2}}},"fnMap":{"0":{"name":"(anonymous_0)","decl":{"start":{"line":6,"column":28},"end":{"line":6,"column":29}},"loc":{"start":{"line":7,"column":2},"end":{"line":11,"column":8}},"line":7},"1":{"name":"(anonymous_1)","decl":{"start":{"line":9,"column":21},"end":{"line":9,"column":22}},"loc":{"start":{"line":9,"column":31},"end":{"line":9,"column":108}},"line":9}},"branchMap":{},"s":{"0":3,"1":3,"2":9,"3":3},"f":{"0":3,"1":9},"b":{},"_coverageSchema":"1a1c01bbd47fc00a2c39e90264f33305004495a9","hash":"8ac39db13642d072d445e55a0a35cf392d72ccb0"}
,"C:\\Users\\boris\\Desktop\\HtmlAcademy\\851191-what-to-watch-6\\src\\components\\movie-card-overview\\movie-card-overview.jsx": {"path":"C:\\Users\\boris\\Desktop\\HtmlAcademy\\851191-what-to-watch-6\\src\\components\\movie-card-overview\\movie-card-overview.jsx","statementMap":{"0":{"start":{"line":5,"column":26},"end":{"line":27,"column":1}},"1":{"start":{"line":6,"column":22},"end":{"line":6,"column":65}},"2":{"start":{"line":6,"column":36},"end":{"line":6,"column":64}},"3":{"start":{"line":8,"column":2},"end":{"line":26,"column":4}},"4":{"start":{"line":29,"column":0},"end":{"line":35,"column":2}}},"fnMap":{"0":{"name":"(anonymous_0)","decl":{"start":{"line":5,"column":26},"end":{"line":5,"column":27}},"loc":{"start":{"line":5,"column":94},"end":{"line":27,"column":1}},"line":5},"1":{"name":"(anonymous_1)","decl":{"start":{"line":6,"column":30},"end":{"line":6,"column":31}},"loc":{"start":{"line":6,"column":36},"end":{"line":6,"column":64}},"line":6}},"branchMap":{},"s":{"0":3,"1":3,"2":3,"3":3,"4":3},"f":{"0":3,"1":3},"b":{},"_coverageSchema":"1a1c01bbd47fc00a2c39e90264f33305004495a9","hash":"314cf0a5d43f7d72512962dba8dac489f5034205"}
,"C:\\Users\\boris\\Desktop\\HtmlAcademy\\851191-what-to-watch-6\\src\\components\\movie-card-play-button\\movie-card-play-button.jsx": {"path":"C:\\Users\\boris\\Desktop\\HtmlAcademy\\851191-what-to-watch-6\\src\\components\\movie-card-play-button\\movie-card-play-button.jsx","statementMap":{"0":{"start":{"line":7,"column":28},"end":{"line":25,"column":1}},"1":{"start":{"line":8,"column":26},"end":{"line":8,"column":60}},"2":{"start":{"line":8,"column":49},"end":{"line":8,"column":59}},"3":{"start":{"line":9,"column":15},"end":{"line":9,"column":28}},"4":{"start":{"line":10,"column":18},"end":{"line":10,"column":30}},"5":{"start":{"line":11,"column":21},"end":{"line":11,"column":49}},"6":{"start":{"line":13,"column":19},"end":{"line":13,"column":32}},"7":{"start":{"line":15,"column":32},"end":{"line":15,"column":103}},"8":{"start":{"line":15,"column":38},"end":{"line":15,"column":103}},"9":{"start":{"line":17,"column":2},"end":{"line":24,"column":4}}},"fnMap":{"0":{"name":"(anonymous_0)","decl":{"start":{"line":7,"column":28},"end":{"line":7,"column":29}},"loc":{"start":{"line":7,"column":34},"end":{"line":25,"column":1}},"line":7},"1":{"name":"(anonymous_1)","decl":{"start":{"line":8,"column":38},"end":{"line":8,"column":39}},"loc":{"start":{"line":8,"column":49},"end":{"line":8,"column":59}},"line":8},"2":{"name":"(anonymous_2)","decl":{"start":{"line":15,"column":32},"end":{"line":15,"column":33}},"loc":{"start":{"line":15,"column":38},"end":{"line":15,"column":103}},"line":15}},"branchMap":{},"s":{"0":8,"1":10,"2":20,"3":10,"4":10,"5":10,"6":10,"7":10,"8":0,"9":10},"f":{"0":10,"1":20,"2":0},"b":{},"_coverageSchema":"1a1c01bbd47fc00a2c39e90264f33305004495a9","hash":"47945dddccac632ce8cdcaaa30f0ca11bde34e85"}
,"C:\\Users\\boris\\Desktop\\HtmlAcademy\\851191-what-to-watch-6\\src\\components\\movie-card-review\\movie-card-review.jsx": {"path":"C:\\Users\\boris\\Desktop\\HtmlAcademy\\851191-what-to-watch-6\\src\\components\\movie-card-review\\movie-card-review.jsx","statementMap":{"0":{"start":{"line":6,"column":24},"end":{"line":26,"column":1}},"1":{"start":{"line":7,"column":20},"end":{"line":7,"column":31}},"2":{"start":{"line":9,"column":34},"end":{"line":9,"column":76}},"3":{"start":{"line":10,"column":32},"end":{"line":10,"column":82}},"4":{"start":{"line":12,"column":2},"end":{"line":25,"column":4}},"5":{"start":{"line":28,"column":0},"end":{"line":33,"column":2}}},"fnMap":{"0":{"name":"(anonymous_0)","decl":{"start":{"line":6,"column":24},"end":{"line":6,"column":25}},"loc":{"start":{"line":6,"column":59},"end":{"line":26,"column":1}},"line":6}},"branchMap":{},"s":{"0":4,"1":2,"2":2,"3":2,"4":2,"5":4},"f":{"0":2},"b":{},"_coverageSchema":"1a1c01bbd47fc00a2c39e90264f33305004495a9","hash":"a61ada691252274762ad4ed42588c24723ff3d09"}
,"C:\\Users\\boris\\Desktop\\HtmlAcademy\\851191-what-to-watch-6\\src\\components\\movie-card-reviews\\movie-card-reviews.jsx": {"path":"C:\\Users\\boris\\Desktop\\HtmlAcademy\\851191-what-to-watch-6\\src\\components\\movie-card-reviews\\movie-card-reviews.jsx","statementMap":{"0":{"start":{"line":5,"column":25},"end":{"line":20,"column":1}},"1":{"start":{"line":6,"column":33},"end":{"line":6,"column":62}},"2":{"start":{"line":7,"column":28},"end":{"line":7,"column":68}},"3":{"start":{"line":8,"column":29},"end":{"line":8,"column":66}},"4":{"start":{"line":10,"column":2},"end":{"line":19,"column":4}},"5":{"start":{"line":13,"column":50},"end":{"line":13,"column":88}},"6":{"start":{"line":16,"column":51},"end":{"line":16,"column":89}},"7":{"start":{"line":22,"column":0},"end":{"line":24,"column":2}}},"fnMap":{"0":{"name":"(anonymous_0)","decl":{"start":{"line":5,"column":25},"end":{"line":5,"column":26}},"loc":{"start":{"line":5,"column":40},"end":{"line":20,"column":1}},"line":5},"1":{"name":"(anonymous_1)","decl":{"start":{"line":13,"column":31},"end":{"line":13,"column":32}},"loc":{"start":{"line":13,"column":50},"end":{"line":13,"column":88}},"line":13},"2":{"name":"(anonymous_2)","decl":{"start":{"line":16,"column":32},"end":{"line":16,"column":33}},"loc":{"start":{"line":16,"column":51},"end":{"line":16,"column":89}},"line":16}},"branchMap":{},"s":{"0":3,"1":1,"2":1,"3":1,"4":1,"5":1,"6":0,"7":3},"f":{"0":1,"1":1,"2":0},"b":{},"_coverageSchema":"1a1c01bbd47fc00a2c39e90264f33305004495a9","hash":"3e8f23afdc5b318403421dc6eb6fa979a48529a8"}
,"C:\\Users\\boris\\Desktop\\HtmlAcademy\\851191-what-to-watch-6\\src\\components\\movie-card-tab\\movie-card-tab.jsx": {"path":"C:\\Users\\boris\\Desktop\\HtmlAcademy\\851191-what-to-watch-6\\src\\components\\movie-card-tab\\movie-card-tab.jsx","statementMap":{"0":{"start":{"line":7,"column":21},"end":{"line":22,"column":1}},"1":{"start":{"line":8,"column":23},"end":{"line":8,"column":32}},"2":{"start":{"line":9,"column":27},"end":{"line":9,"column":52}},"3":{"start":{"line":10,"column":21},"end":{"line":10,"column":75}},"4":{"start":{"line":12,"column":2},"end":{"line":21,"column":4}},"5":{"start":{"line":24,"column":0},"end":{"line":28,"column":2}}},"fnMap":{"0":{"name":"(anonymous_0)","decl":{"start":{"line":7,"column":21},"end":{"line":7,"column":22}},"loc":{"start":{"line":7,"column":47},"end":{"line":22,"column":1}},"line":7}},"branchMap":{"0":{"loc":{"start":{"line":10,"column":21},"end":{"line":10,"column":75}},"type":"cond-expr","locations":[{"start":{"line":10,"column":36},"end":{"line":10,"column":48}},{"start":{"line":10,"column":51},"end":{"line":10,"column":75}}],"line":10},"1":{"loc":{"start":{"line":16,"column":7},"end":{"line":18,"column":129}},"type":"cond-expr","locations":[{"start":{"line":17,"column":8},"end":{"line":17,"column":54}},{"start":{"line":18,"column":10},"end":{"line":18,"column":129}}],"line":16},"2":{"loc":{"start":{"line":18,"column":23},"end":{"line":18,"column":84}},"type":"cond-expr","locations":[{"start":{"line":18,"column":44},"end":{"line":18,"column":52}},{"start":{"line":18,"column":55},"end":{"line":18,"column":84}}],"line":18}},"s":{"0":4,"1":10,"2":10,"3":10,"4":10,"5":4},"f":{"0":10},"b":{"0":[0,10],"1":[4,6],"2":[0,6]},"_coverageSchema":"1a1c01bbd47fc00a2c39e90264f33305004495a9","hash":"161f4cfdb4cd8630ff5905d2b2f2eeb7e7e509f0"}
,"C:\\Users\\boris\\Desktop\\HtmlAcademy\\851191-what-to-watch-6\\src\\components\\movie-card-title\\movie-card-title.jsx": {"path":"C:\\Users\\boris\\Desktop\\HtmlAcademy\\851191-what-to-watch-6\\src\\components\\movie-card-title\\movie-card-title.jsx","statementMap":{"0":{"start":{"line":6,"column":23},"end":{"line":10,"column":1}},"1":{"start":{"line":7,"column":2},"end":{"line":9,"column":7}},"2":{"start":{"line":12,"column":0},"end":{"line":15,"column":2}}},"fnMap":{"0":{"name":"(anonymous_0)","decl":{"start":{"line":6,"column":23},"end":{"line":6,"column":24}},"loc":{"start":{"line":7,"column":2},"end":{"line":9,"column":7}},"line":7}},"branchMap":{},"s":{"0":8,"1":2,"2":8},"f":{"0":2},"b":{},"_coverageSchema":"1a1c01bbd47fc00a2c39e90264f33305004495a9","hash":"f5cf55278427cdee80a184577cd8ce024735edcf"}
,"C:\\Users\\boris\\Desktop\\HtmlAcademy\\851191-what-to-watch-6\\src\\components\\movie-page\\movie-page.jsx": {"path":"C:\\Users\\boris\\Desktop\\HtmlAcademy\\851191-what-to-watch-6\\src\\components\\movie-page\\movie-page.jsx","statementMap":{"0":{"start":{"line":18,"column":18},"end":{"line":96,"column":1}},"1":{"start":{"line":19,"column":48},"end":{"line":19,"column":82}},"2":{"start":{"line":19,"column":71},"end":{"line":19,"column":81}},"3":{"start":{"line":20,"column":25},"end":{"line":20,"column":59}},"4":{"start":{"line":21,"column":15},"end":{"line":21,"column":27}},"5":{"start":{"line":22,"column":18},"end":{"line":22,"column":34}},"6":{"start":{"line":23,"column":19},"end":{"line":23,"column":32}},"7":{"start":{"line":25,"column":2},"end":{"line":37,"column":16}},"8":{"start":{"line":26,"column":4},"end":{"line":28,"column":5}},"9":{"start":{"line":27,"column":6},"end":{"line":27,"column":43}},"10":{"start":{"line":30,"column":4},"end":{"line":32,"column":74}},"11":{"start":{"line":31,"column":24},"end":{"line":31,"column":59}},"12":{"start":{"line":32,"column":19},"end":{"line":32,"column":72}},"13":{"start":{"line":34,"column":4},"end":{"line":35,"column":68}},"14":{"start":{"line":35,"column":24},"end":{"line":35,"column":66}},"15":{"start":{"line":39,"column":2},"end":{"line":95,"column":4}},"16":{"start":{"line":98,"column":0},"end":{"line":101,"column":2}}},"fnMap":{"0":{"name":"(anonymous_0)","decl":{"start":{"line":18,"column":18},"end":{"line":18,"column":19}},"loc":{"start":{"line":18,"column":41},"end":{"line":96,"column":1}},"line":18},"1":{"name":"(anonymous_1)","decl":{"start":{"line":19,"column":60},"end":{"line":19,"column":61}},"loc":{"start":{"line":19,"column":71},"end":{"line":19,"column":81}},"line":19},"2":{"name":"(anonymous_2)","decl":{"start":{"line":25,"column":12},"end":{"line":25,"column":13}},"loc":{"start":{"line":25,"column":18},"end":{"line":37,"column":3}},"line":25},"3":{"name":"(anonymous_3)","decl":{"start":{"line":31,"column":12},"end":{"line":31,"column":13}},"loc":{"start":{"line":31,"column":24},"end":{"line":31,"column":59}},"line":31},"4":{"name":"(anonymous_4)","decl":{"start":{"line":32,"column":13},"end":{"line":32,"column":14}},"loc":{"start":{"line":32,"column":19},"end":{"line":32,"column":72}},"line":32},"5":{"name":"(anonymous_5)","decl":{"start":{"line":35,"column":12},"end":{"line":35,"column":13}},"loc":{"start":{"line":35,"column":24},"end":{"line":35,"column":66}},"line":35}},"branchMap":{"0":{"loc":{"start":{"line":26,"column":4},"end":{"line":28,"column":5}},"type":"if","locations":[{"start":{"line":26,"column":4},"end":{"line":28,"column":5}},{"start":{"line":26,"column":4},"end":{"line":28,"column":5}}],"line":26},"1":{"loc":{"start":{"line":26,"column":8},"end":{"line":26,"column":53}},"type":"binary-expr","locations":[{"start":{"line":26,"column":8},"end":{"line":26,"column":21}},{"start":{"line":26,"column":25},"end":{"line":26,"column":53}}],"line":26},"2":{"loc":{"start":{"line":44,"column":13},"end":{"line":44,"column":112}},"type":"cond-expr","locations":[{"start":{"line":44,"column":29},"end":{"line":44,"column":98}},{"start":{"line":44,"column":101},"end":{"line":44,"column":112}}],"line":44},"3":{"loc":{"start":{"line":52,"column":13},"end":{"line":52,"column":187}},"type":"cond-expr","locations":[{"start":{"line":52,"column":29},"end":{"line":52,"column":173}},{"start":{"line":52,"column":176},"end":{"line":52,"column":187}}],"line":52},"4":{"loc":{"start":{"line":59,"column":15},"end":{"line":59,"column":135}},"type":"cond-expr","locations":[{"start":{"line":59,"column":31},"end":{"line":59,"column":121}},{"start":{"line":59,"column":124},"end":{"line":59,"column":135}}],"line":59},"5":{"loc":{"start":{"line":73,"column":19},"end":{"line":73,"column":87}},"type":"cond-expr","locations":[{"start":{"line":73,"column":35},"end":{"line":73,"column":74}},{"start":{"line":73,"column":77},"end":{"line":73,"column":87}}],"line":73},"6":{"loc":{"start":{"line":76,"column":19},"end":{"line":76,"column":88}},"type":"cond-expr","locations":[{"start":{"line":76,"column":35},"end":{"line":76,"column":75}},{"start":{"line":76,"column":78},"end":{"line":76,"column":88}}],"line":76}},"s":{"0":2,"1":2,"2":4,"3":2,"4":2,"5":2,"6":2,"7":2,"8":2,"9":0,"10":2,"11":0,"12":0,"13":2,"14":0,"15":2,"16":2},"f":{"0":2,"1":4,"2":2,"3":0,"4":0,"5":0},"b":{"0":[0,2],"1":[2,2],"2":[2,0],"3":[2,0],"4":[2,0],"5":[2,0],"6":[2,0]},"_coverageSchema":"1a1c01bbd47fc00a2c39e90264f33305004495a9","hash":"8b55a408a058bf297059e777b8519a2f6f1a6238"}
,"C:\\Users\\boris\\Desktop\\HtmlAcademy\\851191-what-to-watch-6\\src\\components\\movies-list\\movies-list.jsx": {"path":"C:\\Users\\boris\\Desktop\\HtmlAcademy\\851191-what-to-watch-6\\src\\components\\movies-list\\movies-list.jsx","statementMap":{"0":{"start":{"line":12,"column":30},"end":{"line":14,"column":1}},"1":{"start":{"line":13,"column":2},"end":{"line":13,"column":179}},"2":{"start":{"line":16,"column":19},"end":{"line":59,"column":1}},"3":{"start":{"line":17,"column":41},"end":{"line":17,"column":75}},"4":{"start":{"line":17,"column":64},"end":{"line":17,"column":74}},"5":{"start":{"line":18,"column":23},"end":{"line":18,"column":90}},"6":{"start":{"line":19,"column":46},"end":{"line":19,"column":58}},"7":{"start":{"line":20,"column":38},"end":{"line":20,"column":52}},"8":{"start":{"line":21,"column":19},"end":{"line":21,"column":32}},"9":{"start":{"line":23,"column":2},"end":{"line":30,"column":9}},"10":{"start":{"line":24,"column":4},"end":{"line":27,"column":5}},"11":{"start":{"line":25,"column":6},"end":{"line":26,"column":60}},"12":{"start":{"line":26,"column":26},"end":{"line":26,"column":58}},"13":{"start":{"line":29,"column":4},"end":{"line":29,"column":38}},"14":{"start":{"line":29,"column":17},"end":{"line":29,"column":37}},"15":{"start":{"line":32,"column":32},"end":{"line":32,"column":61}},"16":{"start":{"line":32,"column":40},"end":{"line":32,"column":61}},"17":{"start":{"line":34,"column":32},"end":{"line":34,"column":59}},"18":{"start":{"line":34,"column":38},"end":{"line":34,"column":59}},"19":{"start":{"line":36,"column":36},"end":{"line":36,"column":90}},"20":{"start":{"line":38,"column":29},"end":{"line":44,"column":3}},"21":{"start":{"line":39,"column":4},"end":{"line":43,"column":5}},"22":{"start":{"line":40,"column":6},"end":{"line":40,"column":157}},"23":{"start":{"line":40,"column":62},"end":{"line":40,"column":155}},"24":{"start":{"line":42,"column":6},"end":{"line":42,"column":34}},"25":{"start":{"line":46,"column":2},"end":{"line":52,"column":38}},"26":{"start":{"line":47,"column":4},"end":{"line":51,"column":5}},"27":{"start":{"line":48,"column":6},"end":{"line":48,"column":31}},"28":{"start":{"line":50,"column":6},"end":{"line":50,"column":30}},"29":{"start":{"line":54,"column":2},"end":{"line":58,"column":4}},"30":{"start":{"line":61,"column":0},"end":{"line":65,"column":2}}},"fnMap":{"0":{"name":"(anonymous_0)","decl":{"start":{"line":12,"column":30},"end":{"line":12,"column":31}},"loc":{"start":{"line":12,"column":106},"end":{"line":14,"column":1}},"line":12},"1":{"name":"(anonymous_1)","decl":{"start":{"line":16,"column":19},"end":{"line":16,"column":20}},"loc":{"start":{"line":16,"column":71},"end":{"line":59,"column":1}},"line":16},"2":{"name":"(anonymous_2)","decl":{"start":{"line":17,"column":53},"end":{"line":17,"column":54}},"loc":{"start":{"line":17,"column":64},"end":{"line":17,"column":74}},"line":17},"3":{"name":"(anonymous_3)","decl":{"start":{"line":23,"column":12},"end":{"line":23,"column":13}},"loc":{"start":{"line":23,"column":18},"end":{"line":30,"column":3}},"line":23},"4":{"name":"(anonymous_4)","decl":{"start":{"line":26,"column":14},"end":{"line":26,"column":15}},"loc":{"start":{"line":26,"column":26},"end":{"line":26,"column":58}},"line":26},"5":{"name":"(anonymous_5)","decl":{"start":{"line":29,"column":11},"end":{"line":29,"column":12}},"loc":{"start":{"line":29,"column":17},"end":{"line":29,"column":37}},"line":29},"6":{"name":"(anonymous_6)","decl":{"start":{"line":32,"column":32},"end":{"line":32,"column":33}},"loc":{"start":{"line":32,"column":40},"end":{"line":32,"column":61}},"line":32},"7":{"name":"(anonymous_7)","decl":{"start":{"line":34,"column":32},"end":{"line":34,"column":33}},"loc":{"start":{"line":34,"column":38},"end":{"line":34,"column":59}},"line":34},"8":{"name":"(anonymous_8)","decl":{"start":{"line":38,"column":29},"end":{"line":38,"column":30}},"loc":{"start":{"line":38,"column":35},"end":{"line":44,"column":3}},"line":38},"9":{"name":"(anonymous_9)","decl":{"start":{"line":40,"column":43},"end":{"line":40,"column":44}},"loc":{"start":{"line":40,"column":62},"end":{"line":40,"column":155}},"line":40},"10":{"name":"(anonymous_10)","decl":{"start":{"line":46,"column":12},"end":{"line":46,"column":13}},"loc":{"start":{"line":46,"column":18},"end":{"line":52,"column":3}},"line":46}},"branchMap":{"0":{"loc":{"start":{"line":24,"column":4},"end":{"line":27,"column":5}},"type":"if","locations":[{"start":{"line":24,"column":4},"end":{"line":27,"column":5}},{"start":{"line":24,"column":4},"end":{"line":27,"column":5}}],"line":24},"1":{"loc":{"start":{"line":36,"column":36},"end":{"line":36,"column":90}},"type":"binary-expr","locations":[{"start":{"line":36,"column":36},"end":{"line":36,"column":48}},{"start":{"line":36,"column":52},"end":{"line":36,"column":90}}],"line":36},"2":{"loc":{"start":{"line":39,"column":4},"end":{"line":43,"column":5}},"type":"if","locations":[{"start":{"line":39,"column":4},"end":{"line":43,"column":5}},{"start":{"line":39,"column":4},"end":{"line":43,"column":5}}],"line":39},"3":{"loc":{"start":{"line":47,"column":4},"end":{"line":51,"column":5}},"type":"if","locations":[{"start":{"line":47,"column":4},"end":{"line":51,"column":5}},{"start":{"line":47,"column":4},"end":{"line":51,"column":5}}],"line":47},"4":{"loc":{"start":{"line":47,"column":8},"end":{"line":47,"column":62}},"type":"binary-expr","locations":[{"start":{"line":47,"column":8},"end":{"line":47,"column":20}},{"start":{"line":47,"column":24},"end":{"line":47,"column":62}}],"line":47},"5":{"loc":{"start":{"line":56,"column":7},"end":{"line":56,"column":83}},"type":"cond-expr","locations":[{"start":{"line":56,"column":49},"end":{"line":56,"column":69}},{"start":{"line":56,"column":72},"end":{"line":56,"column":83}}],"line":56},"6":{"loc":{"start":{"line":56,"column":7},"end":{"line":56,"column":46}},"type":"binary-expr","locations":[{"start":{"line":56,"column":7},"end":{"line":56,"column":17}},{"start":{"line":56,"column":21},"end":{"line":56,"column":46}}],"line":56}},"s":{"0":6,"1":0,"2":6,"3":13,"4":21,"5":13,"6":13,"7":13,"8":13,"9":13,"10":8,"11":8,"12":0,"13":8,"14":8,"15":13,"16":0,"17":13,"18":0,"19":13,"20":13,"21":13,"22":0,"23":0,"24":13,"25":13,"26":13,"27":13,"28":0,"29":13,"30":6},"f":{"0":0,"1":13,"2":21,"3":8,"4":0,"5":8,"6":0,"7":0,"8":13,"9":0,"10":13},"b":{"0":[8,0],"1":[13,13],"2":[0,13],"3":[13,0],"4":[13,13],"5":[13,0],"6":[13,13]},"_coverageSchema":"1a1c01bbd47fc00a2c39e90264f33305004495a9","hash":"676ad7bc8a70f0ede3fb273a130bb23fa7759436"}
,"C:\\Users\\boris\\Desktop\\HtmlAcademy\\851191-what-to-watch-6\\src\\components\\my-list\\my-list.jsx": {"path":"C:\\Users\\boris\\Desktop\\HtmlAcademy\\851191-what-to-watch-6\\src\\components\\my-list\\my-list.jsx","statementMap":{"0":{"start":{"line":6,"column":15},"end":{"line":19,"column":1}},"1":{"start":{"line":7,"column":2},"end":{"line":18,"column":8}}},"fnMap":{"0":{"name":"(anonymous_0)","decl":{"start":{"line":6,"column":15},"end":{"line":6,"column":16}},"loc":{"start":{"line":7,"column":2},"end":{"line":18,"column":8}},"line":7}},"branchMap":{},"s":{"0":2,"1":2},"f":{"0":2},"b":{},"_coverageSchema":"1a1c01bbd47fc00a2c39e90264f33305004495a9","hash":"ef8becf6e6b321b9e12660c1d99d5ae151ae34db"}
,"C:\\Users\\boris\\Desktop\\HtmlAcademy\\851191-what-to-watch-6\\src\\components\\not-found\\not-found.jsx": {"path":"C:\\Users\\boris\\Desktop\\HtmlAcademy\\851191-what-to-watch-6\\src\\components\\not-found\\not-found.jsx","statementMap":{"0":{"start":{"line":4,"column":17},"end":{"line":9,"column":1}},"1":{"start":{"line":5,"column":2},"end":{"line":8,"column":8}}},"fnMap":{"0":{"name":"(anonymous_0)","decl":{"start":{"line":4,"column":17},"end":{"line":4,"column":18}},"loc":{"start":{"line":5,"column":2},"end":{"line":8,"column":8}},"line":5}},"branchMap":{},"s":{"0":2,"1":1},"f":{"0":1},"b":{},"_coverageSchema":"1a1c01bbd47fc00a2c39e90264f33305004495a9","hash":"1343395f0756ce743a55098b9c59e52e8e210a74"}
,"C:\\Users\\boris\\Desktop\\HtmlAcademy\\851191-what-to-watch-6\\src\\components\\nothing-to-display\\nothing-to-display.jsx": {"path":"C:\\Users\\boris\\Desktop\\HtmlAcademy\\851191-what-to-watch-6\\src\\components\\nothing-to-display\\nothing-to-display.jsx","statementMap":{"0":{"start":{"line":3,"column":25},"end":{"line":7,"column":1}},"1":{"start":{"line":4,"column":2},"end":{"line":6,"column":8}}},"fnMap":{"0":{"name":"(anonymous_0)","decl":{"start":{"line":3,"column":25},"end":{"line":3,"column":26}},"loc":{"start":{"line":4,"column":2},"end":{"line":6,"column":8}},"line":4}},"branchMap":{},"s":{"0":7,"1":14},"f":{"0":14},"b":{},"_coverageSchema":"1a1c01bbd47fc00a2c39e90264f33305004495a9","hash":"2ac1c9dc36c662c814d90c2b9e026ae162f9f040"}
,"C:\\Users\\boris\\Desktop\\HtmlAcademy\\851191-what-to-watch-6\\src\\components\\private-route\\private-route.jsx": {"path":"C:\\Users\\boris\\Desktop\\HtmlAcademy\\851191-what-to-watch-6\\src\\components\\private-route\\private-route.jsx","statementMap":{"0":{"start":{"line":8,"column":33},"end":{"line":10,"column":1}},"1":{"start":{"line":9,"column":2},"end":{"line":9,"column":46}},"2":{"start":{"line":12,"column":21},"end":{"line":31,"column":1}},"3":{"start":{"line":13,"column":21},"end":{"line":13,"column":25}},"4":{"start":{"line":14,"column":26},"end":{"line":14,"column":60}},"5":{"start":{"line":14,"column":49},"end":{"line":14,"column":59}},"6":{"start":{"line":15,"column":19},"end":{"line":15,"column":32}},"7":{"start":{"line":17,"column":2},"end":{"line":21,"column":9}},"8":{"start":{"line":18,"column":4},"end":{"line":20,"column":5}},"9":{"start":{"line":19,"column":6},"end":{"line":19,"column":59}},"10":{"start":{"line":23,"column":2},"end":{"line":30,"column":4}},"11":{"start":{"line":27,"column":8},"end":{"line":27,"column":71}},"12":{"start":{"line":33,"column":0},"end":{"line":35,"column":2}}},"fnMap":{"0":{"name":"(anonymous_0)","decl":{"start":{"line":8,"column":33},"end":{"line":8,"column":34}},"loc":{"start":{"line":8,"column":39},"end":{"line":10,"column":1}},"line":8},"1":{"name":"(anonymous_1)","decl":{"start":{"line":12,"column":21},"end":{"line":12,"column":22}},"loc":{"start":{"line":12,"column":44},"end":{"line":31,"column":1}},"line":12},"2":{"name":"(anonymous_2)","decl":{"start":{"line":14,"column":38},"end":{"line":14,"column":39}},"loc":{"start":{"line":14,"column":49},"end":{"line":14,"column":59}},"line":14},"3":{"name":"(anonymous_3)","decl":{"start":{"line":17,"column":12},"end":{"line":17,"column":13}},"loc":{"start":{"line":17,"column":18},"end":{"line":21,"column":3}},"line":17},"4":{"name":"(anonymous_4)","decl":{"start":{"line":26,"column":14},"end":{"line":26,"column":15}},"loc":{"start":{"line":27,"column":8},"end":{"line":27,"column":71}},"line":27}},"branchMap":{"0":{"loc":{"start":{"line":18,"column":4},"end":{"line":20,"column":5}},"type":"if","locations":[{"start":{"line":18,"column":4},"end":{"line":20,"column":5}},{"start":{"line":18,"column":4},"end":{"line":20,"column":5}}],"line":18},"1":{"loc":{"start":{"line":27,"column":8},"end":{"line":27,"column":71}},"type":"cond-expr","locations":[{"start":{"line":27,"column":24},"end":{"line":27,"column":42}},{"start":{"line":27,"column":45},"end":{"line":27,"column":71}}],"line":27}},"s":{"0":4,"1":1,"2":4,"3":6,"4":6,"5":13,"6":6,"7":6,"8":6,"9":1,"10":6,"11":6,"12":4},"f":{"0":1,"1":6,"2":13,"3":6,"4":6},"b":{"0":[1,5],"1":[5,1]},"_coverageSchema":"1a1c01bbd47fc00a2c39e90264f33305004495a9","hash":"6b06765cd99e911b64f1ffbf8229f781c6c28769"}
,"C:\\Users\\boris\\Desktop\\HtmlAcademy\\851191-what-to-watch-6\\src\\components\\promo-movie\\promo-movie.jsx": {"path":"C:\\Users\\boris\\Desktop\\HtmlAcademy\\851191-what-to-watch-6\\src\\components\\promo-movie\\promo-movie.jsx","statementMap":{"0":{"start":{"line":10,"column":19},"end":{"line":38,"column":1}},"1":{"start":{"line":11,"column":41},"end":{"line":11,"column":75}},"2":{"start":{"line":11,"column":64},"end":{"line":11,"column":74}},"3":{"start":{"line":12,"column":19},"end":{"line":12,"column":32}},"4":{"start":{"line":14,"column":2},"end":{"line":21,"column":9}},"5":{"start":{"line":15,"column":4},"end":{"line":18,"column":5}},"6":{"start":{"line":16,"column":6},"end":{"line":17,"column":59}},"7":{"start":{"line":17,"column":26},"end":{"line":17,"column":57}},"8":{"start":{"line":20,"column":4},"end":{"line":20,"column":60}},"9":{"start":{"line":20,"column":18},"end":{"line":20,"column":58}},"10":{"start":{"line":23,"column":2},"end":{"line":37,"column":4}}},"fnMap":{"0":{"name":"(anonymous_0)","decl":{"start":{"line":10,"column":19},"end":{"line":10,"column":20}},"loc":{"start":{"line":10,"column":25},"end":{"line":38,"column":1}},"line":10},"1":{"name":"(anonymous_1)","decl":{"start":{"line":11,"column":53},"end":{"line":11,"column":54}},"loc":{"start":{"line":11,"column":64},"end":{"line":11,"column":74}},"line":11},"2":{"name":"(anonymous_2)","decl":{"start":{"line":14,"column":12},"end":{"line":14,"column":13}},"loc":{"start":{"line":14,"column":18},"end":{"line":21,"column":3}},"line":14},"3":{"name":"(anonymous_3)","decl":{"start":{"line":17,"column":14},"end":{"line":17,"column":15}},"loc":{"start":{"line":17,"column":26},"end":{"line":17,"column":57}},"line":17},"4":{"name":"(anonymous_4)","decl":{"start":{"line":20,"column":12},"end":{"line":20,"column":13}},"loc":{"start":{"line":20,"column":18},"end":{"line":20,"column":58}},"line":20}},"branchMap":{"0":{"loc":{"start":{"line":15,"column":4},"end":{"line":18,"column":5}},"type":"if","locations":[{"start":{"line":15,"column":4},"end":{"line":18,"column":5}},{"start":{"line":15,"column":4},"end":{"line":18,"column":5}}],"line":15},"1":{"loc":{"start":{"line":26,"column":9},"end":{"line":26,"column":127}},"type":"cond-expr","locations":[{"start":{"line":26,"column":44},"end":{"line":26,"column":55}},{"start":{"line":26,"column":58},"end":{"line":26,"column":127}}],"line":26},"2":{"loc":{"start":{"line":26,"column":9},"end":{"line":26,"column":41}},"type":"binary-expr","locations":[{"start":{"line":26,"column":9},"end":{"line":26,"column":23}},{"start":{"line":26,"column":27},"end":{"line":26,"column":41}}],"line":26},"3":{"loc":{"start":{"line":34,"column":9},"end":{"line":34,"column":199}},"type":"cond-expr","locations":[{"start":{"line":34,"column":44},"end":{"line":34,"column":55}},{"start":{"line":34,"column":58},"end":{"line":34,"column":199}}],"line":34},"4":{"loc":{"start":{"line":34,"column":9},"end":{"line":34,"column":41}},"type":"binary-expr","locations":[{"start":{"line":34,"column":9},"end":{"line":34,"column":23}},{"start":{"line":34,"column":27},"end":{"line":34,"column":41}}],"line":34}},"s":{"0":3,"1":3,"2":6,"3":3,"4":3,"5":3,"6":0,"7":0,"8":3,"9":3,"10":3},"f":{"0":3,"1":6,"2":3,"3":0,"4":3},"b":{"0":[0,3],"1":[0,3],"2":[3,0],"3":[0,3],"4":[3,0]},"_coverageSchema":"1a1c01bbd47fc00a2c39e90264f33305004495a9","hash":"4f84277f46a0303b632b6dedd902fa511ae26186"}
,"C:\\Users\\boris\\Desktop\\HtmlAcademy\\851191-what-to-watch-6\\src\\components\\promo-movie-info\\promo-movie-info.jsx": {"path":"C:\\Users\\boris\\Desktop\\HtmlAcademy\\851191-what-to-watch-6\\src\\components\\promo-movie-info\\promo-movie-info.jsx","statementMap":{"0":{"start":{"line":6,"column":23},"end":{"line":18,"column":1}},"1":{"start":{"line":7,"column":2},"end":{"line":17,"column":8}},"2":{"start":{"line":20,"column":0},"end":{"line":24,"column":2}}},"fnMap":{"0":{"name":"(anonymous_0)","decl":{"start":{"line":6,"column":23},"end":{"line":6,"column":24}},"loc":{"start":{"line":7,"column":2},"end":{"line":17,"column":8}},"line":7}},"branchMap":{},"s":{"0":4,"1":4,"2":4},"f":{"0":4},"b":{},"_coverageSchema":"1a1c01bbd47fc00a2c39e90264f33305004495a9","hash":"75f2ca80020aad46be050fd65dff3c920e9229fe"}
,"C:\\Users\\boris\\Desktop\\HtmlAcademy\\851191-what-to-watch-6\\src\\components\\props\\movie-props.js": {"path":"C:\\Users\\boris\\Desktop\\HtmlAcademy\\851191-what-to-watch-6\\src\\components\\props\\movie-props.js","statementMap":{"0":{"start":{"line":3,"column":25},"end":{"line":24,"column":2}},"1":{"start":{"line":26,"column":22},"end":{"line":29,"column":13}},"2":{"start":{"line":31,"column":24},"end":{"line":31,"column":51}},"3":{"start":{"line":33,"column":26},"end":{"line":33,"column":53}},"4":{"start":{"line":35,"column":27},"end":{"line":35,"column":54}},"5":{"start":{"line":37,"column":35},"end":{"line":37,"column":62}},"6":{"start":{"line":39,"column":35},"end":{"line":39,"column":62}},"7":{"start":{"line":41,"column":29},"end":{"line":41,"column":56}},"8":{"start":{"line":43,"column":36},"end":{"line":43,"column":63}},"9":{"start":{"line":45,"column":31},"end":{"line":45,"column":58}},"10":{"start":{"line":47,"column":26},"end":{"line":47,"column":53}},"11":{"start":{"line":49,"column":31},"end":{"line":49,"column":58}},"12":{"start":{"line":51,"column":28},"end":{"line":51,"column":55}},"13":{"start":{"line":53,"column":28},"end":{"line":53,"column":74}},"14":{"start":{"line":55,"column":27},"end":{"line":55,"column":54}},"15":{"start":{"line":57,"column":25},"end":{"line":57,"column":52}},"16":{"start":{"line":59,"column":28},"end":{"line":59,"column":55}},"17":{"start":{"line":61,"column":30},"end":{"line":61,"column":55}}},"fnMap":{},"branchMap":{},"s":{"0":24,"1":24,"2":24,"3":24,"4":24,"5":24,"6":24,"7":24,"8":24,"9":24,"10":24,"11":24,"12":24,"13":24,"14":24,"15":24,"16":24,"17":24},"f":{},"b":{},"_coverageSchema":"1a1c01bbd47fc00a2c39e90264f33305004495a9","hash":"5ba079d2eed4ebd2e67d51fbb11931ea3ffc992b"}
,"C:\\Users\\boris\\Desktop\\HtmlAcademy\\851191-what-to-watch-6\\src\\components\\rating-input\\rating-input.jsx": {"path":"C:\\Users\\boris\\Desktop\\HtmlAcademy\\851191-what-to-watch-6\\src\\components\\rating-input\\rating-input.jsx","statementMap":{"0":{"start":{"line":5,"column":20},"end":{"line":16,"column":1}},"1":{"start":{"line":6,"column":21},"end":{"line":6,"column":40}},"2":{"start":{"line":7,"column":18},"end":{"line":7,"column":38}},"3":{"start":{"line":8,"column":21},"end":{"line":8,"column":43}},"4":{"start":{"line":10,"column":2},"end":{"line":15,"column":4}},"5":{"start":{"line":18,"column":0},"end":{"line":21,"column":2}}},"fnMap":{"0":{"name":"(anonymous_0)","decl":{"start":{"line":5,"column":20},"end":{"line":5,"column":21}},"loc":{"start":{"line":5,"column":49},"end":{"line":16,"column":1}},"line":5}},"branchMap":{},"s":{"0":4,"1":31,"2":31,"3":31,"4":31,"5":4},"f":{"0":31},"b":{},"_coverageSchema":"1a1c01bbd47fc00a2c39e90264f33305004495a9","hash":"baebf08f6b9f6e7d9c334a35438c3c44806b4c57"}
,"C:\\Users\\boris\\Desktop\\HtmlAcademy\\851191-what-to-watch-6\\src\\components\\show-more\\show-more.jsx": {"path":"C:\\Users\\boris\\Desktop\\HtmlAcademy\\851191-what-to-watch-6\\src\\components\\show-more\\show-more.jsx","statementMap":{"0":{"start":{"line":4,"column":17},"end":{"line":8,"column":1}},"1":{"start":{"line":5,"column":2},"end":{"line":7,"column":8}},"2":{"start":{"line":10,"column":0},"end":{"line":12,"column":2}}},"fnMap":{"0":{"name":"(anonymous_0)","decl":{"start":{"line":4,"column":17},"end":{"line":4,"column":18}},"loc":{"start":{"line":5,"column":2},"end":{"line":7,"column":8}},"line":5}},"branchMap":{},"s":{"0":6,"1":6,"2":6},"f":{"0":6},"b":{},"_coverageSchema":"1a1c01bbd47fc00a2c39e90264f33305004495a9","hash":"8df87938c0202cc10d218ca8241d958ae564412e"}
,"C:\\Users\\boris\\Desktop\\HtmlAcademy\\851191-what-to-watch-6\\src\\components\\sign-in\\sign-in.jsx": {"path":"C:\\Users\\boris\\Desktop\\HtmlAcademy\\851191-what-to-watch-6\\src\\components\\sign-in\\sign-in.jsx","statementMap":{"0":{"start":{"line":9,"column":37},"end":{"line":9,"column":38}},"1":{"start":{"line":11,"column":15},"end":{"line":56,"column":1}},"2":{"start":{"line":12,"column":27},"end":{"line":12,"column":61}},"3":{"start":{"line":12,"column":50},"end":{"line":12,"column":60}},"4":{"start":{"line":13,"column":19},"end":{"line":13,"column":32}},"5":{"start":{"line":15,"column":27},"end":{"line":27,"column":3}},"6":{"start":{"line":16,"column":4},"end":{"line":16,"column":25}},"7":{"start":{"line":18,"column":30},"end":{"line":18,"column":40}},"8":{"start":{"line":20,"column":4},"end":{"line":26,"column":67}},"9":{"start":{"line":24,"column":24},"end":{"line":24,"column":51}},"10":{"start":{"line":25,"column":18},"end":{"line":25,"column":86}},"11":{"start":{"line":26,"column":18},"end":{"line":26,"column":65}},"12":{"start":{"line":29,"column":2},"end":{"line":55,"column":4}}},"fnMap":{"0":{"name":"(anonymous_0)","decl":{"start":{"line":11,"column":15},"end":{"line":11,"column":16}},"loc":{"start":{"line":11,"column":21},"end":{"line":56,"column":1}},"line":11},"1":{"name":"(anonymous_1)","decl":{"start":{"line":12,"column":39},"end":{"line":12,"column":40}},"loc":{"start":{"line":12,"column":50},"end":{"line":12,"column":60}},"line":12},"2":{"name":"(anonymous_2)","decl":{"start":{"line":15,"column":27},"end":{"line":15,"column":28}},"loc":{"start":{"line":15,"column":36},"end":{"line":27,"column":3}},"line":15},"3":{"name":"(anonymous_3)","decl":{"start":{"line":24,"column":12},"end":{"line":24,"column":13}},"loc":{"start":{"line":24,"column":24},"end":{"line":24,"column":51}},"line":24},"4":{"name":"(anonymous_4)","decl":{"start":{"line":25,"column":12},"end":{"line":25,"column":13}},"loc":{"start":{"line":25,"column":18},"end":{"line":25,"column":86}},"line":25},"5":{"name":"(anonymous_5)","decl":{"start":{"line":26,"column":12},"end":{"line":26,"column":13}},"
[...]
,"column":99}},"line":23},"1":{"name":"(anonymous_1)","decl":{"start":{"line":25,"column":81},"end":{"line":25,"column":82}},"loc":{"start":{"line":25,"column":101},"end":{"line":25,"column":125}},"line":25},"2":{"name":"(anonymous_2)","decl":{"start":{"line":27,"column":69},"end":{"line":27,"column":70}},"loc":{"start":{"line":27,"column":80},"end":{"line":27,"column":95}},"line":27},"3":{"name":"(anonymous_3)","decl":{"start":{"line":29,"column":77},"end":{"line":29,"column":78}},"loc":{"start":{"line":29,"column":88},"end":{"line":29,"column":103}},"line":29},"4":{"name":"(anonymous_4)","decl":{"start":{"line":31,"column":86},"end":{"line":31,"column":87}},"loc":{"start":{"line":31,"column":97},"end":{"line":31,"column":112}},"line":31},"5":{"name":"(anonymous_5)","decl":{"start":{"line":33,"column":86},"end":{"line":33,"column":87}},"loc":{"start":{"line":33,"column":93},"end":{"line":33,"column":95}},"line":33},"6":{"name":"(anonymous_6)","decl":{"start":{"line":35,"column":67},"end":{"line":35,"column":68}},"loc":{"start":{"line":35,"column":78},"end":{"line":35,"column":93}},"line":35},"7":{"name":"(anonymous_7)","decl":{"start":{"line":37,"column":97},"end":{"line":37,"column":98}},"loc":{"start":{"line":37,"column":104},"end":{"line":37,"column":106}},"line":37},"8":{"name":"(anonymous_8)","decl":{"start":{"line":39,"column":84},"end":{"line":39,"column":85}},"loc":{"start":{"line":39,"column":95},"end":{"line":39,"column":110}},"line":39},"9":{"name":"(anonymous_9)","decl":{"start":{"line":41,"column":80},"end":{"line":41,"column":81}},"loc":{"start":{"line":41,"column":91},"end":{"line":41,"column":106}},"line":41},"10":{"name":"(anonymous_10)","decl":{"start":{"line":43,"column":58},"end":{"line":43,"column":59}},"loc":{"start":{"line":43,"column":69},"end":{"line":43,"column":84}},"line":43},"11":{"name":"(anonymous_11)","decl":{"start":{"line":45,"column":89},"end":{"line":45,"column":90}},"loc":{"start":{"line":45,"column":100},"end":{"line":45,"column":115}},"line":45},"12":{"name":"(anonymous_12)","decl":{"start":{"line":47,"column":83},"end":{"line":47,"column":84}},"loc":{"start":{"line":47,"column":94},"end":{"line":47,"column":109}},"line":47},"13":{"name":"(anonymous_13)","decl":{"start":{"line":49,"column":84},"end":{"line":49,"column":85}},"loc":{"start":{"line":49,"column":91},"end":{"line":49,"column":93}},"line":49},"14":{"name":"(anonymous_14)","decl":{"start":{"line":51,"column":83},"end":{"line":51,"column":84}},"loc":{"start":{"line":51,"column":94},"end":{"line":51,"column":109}},"line":51},"15":{"name":"(anonymous_15)","decl":{"start":{"line":53,"column":97},"end":{"line":53,"column":98}},"loc":{"start":{"line":53,"column":108},"end":{"line":53,"column":123}},"line":53}},"branchMap":{},"s":{"0":24,"1":24,"2":2,"3":24,"4":5,"5":24,"6":2,"7":24,"8":2,"9":24,"10":3,"11":24,"12":2,"13":24,"14":2,"15":24,"16":5,"17":24,"18":4,"19":24,"20":5,"21":24,"22":2,"23":24,"24":2,"25":24,"26":2,"27":24,"28":2,"29":24,"30":5,"31":24,"32":2},"f":{"0":2,"1":5,"2":2,"3":2,"4":3,"5":2,"6":2,"7":5,"8":4,"9":5,"10":2,"11":2,"12":2,"13":2,"14":5,"15":2},"b":{},"_coverageSchema":"1a1c01bbd47fc00a2c39e90264f33305004495a9","hash":"d741452d646f478313742875aa490a49cf77f070"}
,"C:\\Users\\boris\\Desktop\\HtmlAcademy\\851191-what-to-watch-6\\src\\store\\root-reducer.js": {"path":"C:\\Users\\boris\\Desktop\\HtmlAcademy\\851191-what-to-watch-6\\src\\store\\root-reducer.js","statementMap":{"0":{"start":{"line":6,"column":25},"end":{"line":10,"column":1}}},"fnMap":{},"branchMap":{},"s":{"0":10},"f":{},"b":{},"_coverageSchema":"1a1c01bbd47fc00a2c39e90264f33305004495a9","hash":"e6139c9de6f7a6068db1a01f13ef41d420003ee4"}
,"C:\\Users\\boris\\Desktop\\HtmlAcademy\\851191-what-to-watch-6\\src\\store\\data\\data.js": {"path":"C:\\Users\\boris\\Desktop\\HtmlAcademy\\851191-what-to-watch-6\\src\\store\\data\\data.js","statementMap":{"0":{"start":{"line":5,"column":28},"end":{"line":11,"column":1}},"1":{"start":{"line":13,"column":20},"end":{"line":39,"column":2}},"2":{"start":{"line":14,"column":2},"end":{"line":17,"column":5}},"3":{"start":{"line":15,"column":4},"end":{"line":15,"column":41}},"4":{"start":{"line":16,"column":4},"end":{"line":16,"column":31}},"5":{"start":{"line":18,"column":2},"end":{"line":20,"column":5}},"6":{"start":{"line":19,"column":4},"end":{"line":19,"column":53}},"7":{"start":{"line":21,"column":2},"end":{"line":23,"column":5}},"8":{"start":{"line":22,"column":4},"end":{"line":22,"column":34}},"9":{"start":{"line":24,"column":2},"end":{"line":26,"column":5}},"10":{"start":{"line":25,"column":4},"end":{"line":25,"column":41}},"11":{"start":{"line":27,"column":2},"end":{"line":29,"column":5}},"12":{"start":{"line":28,"column":4},"end":{"line":28,"column":48}},"13":{"start":{"line":30,"column":2},"end":{"line":32,"column":5}},"14":{"start":{"line":31,"column":4},"end":{"line":31,"column":53}},"15":{"start":{"line":33,"column":2},"end":{"line":35,"column":5}},"16":{"start":{"line":34,"column":4},"end":{"line":34,"column":33}},"17":{"start":{"line":36,"column":2},"end":{"line":38,"column":5}},"18":{"start":{"line":37,"column":4},"end":{"line":37,"column":41}}},"fnMap":{"0":{"name":"(anonymous_0)","decl":{"start":{"line":13,"column":48},"end":{"line":13,"column":49}},"loc":{"start":{"line":13,"column":61},"end":{"line":39,"column":1}},"line":13},"1":{"name":"(anonymous_1)","decl":{"start":{"line":14,"column":35},"end":{"line":14,"column":36}},"loc":{"start":{"line":14,"column":54},"end":{"line":17,"column":3}},"line":14},"2":{"name":"(anonymous_2)","decl":{"start":{"line":18,"column":48},"end":{"line":18,"column":49}},"loc":{"start":{"line":18,"column":59},"end":{"line":20,"column":3}},"line":18},"3":{"name":"(anonymous_3)","decl":{"start":{"line":21,"column":36},"end":{"line":21,"column":37}},"loc":{"start":{"line":21,"column":55},"end":{"line":23,"column":3}},"line":21},"4":{"name":"(anonymous_4)","decl":{"start":{"line":24,"column":39},"end":{"line":24,"column":40}},"loc":{"start":{"line":24,"column":58},"end":{"line":26,"column":3}},"line":24},"5":{"name":"(anonymous_5)","decl":{"start":{"line":27,"column":46},"end":{"line":27,"column":47}},"loc":{"start":{"line":27,"column":65},"end":{"line":29,"column":3}},"line":27},"6":{"name":"(anonymous_6)","decl":{"start":{"line":30,"column":44},"end":{"line":30,"column":45}},"loc":{"start":{"line":30,"column":55},"end":{"line":32,"column":3}},"line":30},"7":{"name":"(anonymous_7)","decl":{"start":{"line":33,"column":37},"end":{"line":33,"column":38}},"loc":{"start":{"line":33,"column":56},"end":{"line":35,"column":3}},"line":33},"8":{"name":"(anonymous_8)","decl":{"start":{"line":36,"column":45},"end":{"line":36,"column":46}},"loc":{"start":{"line":36,"column":64},"end":{"line":38,"column":3}},"line":36}},"branchMap":{},"s":{"0":11,"1":11,"2":11,"3":0,"4":0,"5":11,"6":4,"7":11,"8":0,"9":11,"10":0,"11":11,"12":0,"13":11,"14":1,"15":11,"16":1,"17":11,"18":0},"f":{"0":11,"1":0,"2":4,"3":0,"4":0,"5":0,"6":1,"7":1,"8":0},"b":{},"_coverageSchema":"1a1c01bbd47fc00a2c39e90264f33305004495a9","hash":"065bd1eb29d49bed9a04388d6bab0ceea9dd1abe"}
,"C:\\Users\\boris\\Desktop\\HtmlAcademy\\851191-what-to-watch-6\\src\\store\\user\\user.js": {"path":"C:\\Users\\boris\\Desktop\\HtmlAcademy\\851191-what-to-watch-6\\src\\store\\user\\user.js","statementMap":{"0":{"start":{"line":5,"column":28},"end":{"line":9,"column":1}},"1":{"start":{"line":11,"column":20},"end":{"line":21,"column":2}},"2":{"start":{"line":12,"column":2},"end":{"line":14,"column":5}},"3":{"start":{"line":13,"column":4},"end":{"line":13,"column":32}},"4":{"start":{"line":15,"column":2},"end":{"line":17,"column":5}},"5":{"start":{"line":16,"column":4},"end":{"line":16,"column":41}},"6":{"start":{"line":18,"column":2},"end":{"line":20,"column":5}},"7":{"start":{"line":19,"column":4},"end":{"line":19,"column":42}}},"fnMap":{"0":{"name":"(anonymous_0)","decl":{"start":{"line":11,"column":48},"end":{"line":11,"column":49}},"loc":{"start":{"line":11,"column":61},"end":{"line":21,"column":1}},"line":11},"1":{"name":"(anonymous_1)","decl":{"start":{"line":12,"column":31},"end":{"line":12,"column":32}},"loc":{"start":{"line":12,"column":50},"end":{"line":14,"column":3}},"line":12},"2":{"name":"(anonymous_2)","decl":{"start":{"line":15,"column":46},"end":{"line":15,"column":47}},"loc":{"start":{"line":15,"column":65},"end":{"line":17,"column":3}},"line":15},"3":{"name":"(anonymous_3)","decl":{"start":{"line":18,"column":43},"end":{"line":18,"column":44}},"loc":{"start":{"line":18,"column":62},"end":{"line":20,"column":3}},"line":18}},"branchMap":{},"s":{"0":11,"1":11,"2":11,"3":0,"4":11,"5":2,"6":11,"7":2},"f":{"0":11,"1":0,"2":2,"3":2},"b":{},"_coverageSchema":"1a1c01bbd47fc00a2c39e90264f33305004495a9","hash":"1f536c87b7b788e4a3bfb3292143e10338b0f9e8"}
,"C:\\Users\\boris\\Desktop\\HtmlAcademy\\851191-what-to-watch-6\\src\\store\\video-player\\video-player.js": {"path":"C:\\Users\\boris\\Desktop\\HtmlAcademy\\851191-what-to-watch-6\\src\\store\\video-player\\video-player.js","statementMap":{"0":{"start":{"line":5,"column":28},"end":{"line":10,"column":1}},"1":{"start":{"line":12,"column":27},"end":{"line":25,"column":2}},"2":{"start":{"line":13,"column":2},"end":{"line":15,"column":5}},"3":{"start":{"line":14,"column":4},"end":{"line":14,"column":39}},"4":{"start":{"line":16,"column":2},"end":{"line":18,"column":5}},"5":{"start":{"line":17,"column":4},"end":{"line":17,"column":47}},"6":{"start":{"line":19,"column":2},"end":{"line":21,"column":5}},"7":{"start":{"line":20,"column":4},"end":{"line":20,"column":28}},"8":{"start":{"line":22,"column":2},"end":{"line":24,"column":5}},"9":{"start":{"line":23,"column":4},"end":{"line":23,"column":37}}},"fnMap":{"0":{"name":"(anonymous_0)","decl":{"start":{"line":12,"column":55},"end":{"line":12,"column":56}},"loc":{"start":{"line":12,"column":68},"end":{"line":25,"column":1}},"line":12},"1":{"name":"(anonymous_1)","decl":{"start":{"line":13,"column":43},"end":{"line":13,"column":44}},"loc":{"start":{"line":13,"column":62},"end":{"line":15,"column":3}},"line":13},"2":{"name":"(anonymous_2)","decl":{"start":{"line":16,"column":48},"end":{"line":16,"column":49}},"loc":{"start":{"line":16,"column":67},"end":{"line":18,"column":3}},"line":16},"3":{"name":"(anonymous_3)","decl":{"start":{"line":19,"column":43},"end":{"line":19,"column":44}},"loc":{"start":{"line":19,"column":54},"end":{"line":21,"column":3}},"line":19},"4":{"name":"(anonymous_4)","decl":{"start":{"line":22,"column":41},"end":{"line":22,"column":42}},"loc":{"start":{"line":22,"column":60},"end":{"line":24,"column":3}},"line":22}},"branchMap":{},"s":{"0":11,"1":11,"2":11,"3":1,"4":11,"5":1,"6":11,"7":1,"8":11,"9":4},"f":{"0":11,"1":1,"2":1,"3":1,"4":4},"b":{},"_coverageSchema":"1a1c01bbd47fc00a2c39e90264f33305004495a9","hash":"e83444d08fa194108f333660d408b9707330efb7"}
,"C:\\Users\\boris\\Desktop\\HtmlAcademy\\851191-what-to-watch-6\\src\\utils\\common.js": {"path":"C:\\Users\\boris\\Desktop\\HtmlAcademy\\851191-what-to-watch-6\\src\\utils\\common.js","statementMap":{"0":{"start":{"line":3,"column":36},"end":{"line":19,"column":1}},"1":{"start":{"line":4,"column":19},"end":{"line":4,"column":21}},"2":{"start":{"line":6,"column":2},"end":{"line":16,"column":3}},"3":{"start":{"line":7,"column":4},"end":{"line":7,"column":23}},"4":{"start":{"line":8,"column":9},"end":{"line":16,"column":3}},"5":{"start":{"line":9,"column":4},"end":{"line":9,"column":26}},"6":{"start":{"line":10,"column":9},"end":{"line":16,"column":3}},"7":{"start":{"line":11,"column":4},"end":{"line":11,"column":24}},"8":{"start":{"line":12,"column":9},"end":{"line":16,"column":3}},"9":{"start":{"line":13,"column":4},"end":{"line":13,"column":29}},"10":{"start":{"line":14,"column":9},"end":{"line":16,"column":3}},"11":{"start":{"line":15,"column":4},"end":{"line":15,"column":27}},"12":{"start":{"line":18,"column":2},"end":{"line":18,"column":20}},"13":{"start":{"line":21,"column":33},"end":{"line":25,"column":1}},"14":{"start":{"line":22,"column":2},"end":{"line":24,"column":5}},"15":{"start":{"line":23,"column":4},"end":{"line":23,"column":32}},"16":{"start":{"line":27,"column":33},"end":{"line":27,"column":88}},"17":{"start":{"line":27,"column":45},"end":{"line":27,"column":88}},"18":{"start":{"line":27,"column":70},"end":{"line":27,"column":87}},"19":{"start":{"line":29,"column":32},"end":{"line":35,"column":1}},"20":{"start":{"line":30,"column":2},"end":{"line":34,"column":3}},"21":{"start":{"line":31,"column":4},"end":{"line":31,"column":63}},"22":{"start":{"line":31,"column":38},"end":{"line":31,"column":61}},"23":{"start":{"line":33,"column":4},"end":{"line":33,"column":18}},"24":{"start":{"line":37,"column":32},"end":{"line":45,"column":1}},"25":{"start":{"line":38,"column":2},"end":{"line":44,"column":3}},"26":{"start":{"line":39,"column":54},"end":{"line":39,"column":67}},"27":{"start":{"line":40,"column":31},"end":{"line":40,"column":110}},"28":{"start":{"line":40,"column":62},"end":{"line":40,"column":109}},"29":{"start":{"line":41,"column":4},"end":{"line":41,"column":65}},"30":{"start":{"line":43,"column":4},"end":{"line":43,"column":18}},"31":{"start":{"line":47,"column":34},"end":{"line":56,"column":1}},"32":{"start":{"line":48,"column":2},"end":{"line":55,"column":3}},"33":{"start":{"line":50,"column":6},"end":{"line":50,"column":39}},"34":{"start":{"line":52,"column":6},"end":{"line":52,"column":45}},"35":{"start":{"line":54,"column":6},"end":{"line":54,"column":53}}},"fnMap":{"0":{"name":"(anonymous_0)","decl":{"start":{"line":3,"column":36},"end":{"line":3,"column":37}},"loc":{"start":{"line":3,"column":48},"end":{"line":19,"column":1}},"line":3},"1":{"name":"(anonymous_1)","decl":{"start":{"line":21,"column":33},"end":{"line":21,"column":34}},"loc":{"start":{"line":21,"column":58},"end":{"line":25,"column":1}},"line":21},"2":{"name":"(anonymous_2)","decl":{"start":{"line":22,"column":36},"end":{"line":22,"column":37}},"loc":{"start":{"line":22,"column":44},"end":{"line":24,"column":3}},"line":22},"3":{"name":"(anonymous_3)","decl":{"start":{"line":27,"column":33},"end":{"line":27,"column":34}},"loc":{"start":{"line":27,"column":45},"end":{"line":27,"column":88}},"line":27},"4":{"name":"(anonymous_4)","decl":{"start":{"line":27,"column":59},"end":{"line":27,"column":60}},"loc":{"start":{"line":27,"column":70},"end":{"line":27,"column":87}},"line":27},"5":{"name":"(anonymous_5)","decl":{"start":{"line":29,"column":32},"end":{"line":29,"column":33}},"loc":{"start":{"line":29,"column":59},"end":{"line":35,"column":1}},"line":29},"6":{"name":"(anonymous_6)","decl":{"start":{"line":31,"column":25},"end":{"line":31,"column":26}},"loc":{"start":{"line":31,"column":38},"end":{"line":31,"column":61}},"line":31},"7":{"name":"(anonymous_7)","decl":{"start":{"line":37,"column":32},"end":{"line":37,"column":33}},"loc":{"start":{"line":37,"column":59},"end":{"line":45,"column":1}},"line":37},"8":{"name":"(anonymous_8)","decl":{"start":{"line":40,"column":45},"end":{"line":40,"column":46}},"loc":{"start":{"line":40,"column":62},"end":{"line":40,"column":109}},"line":40},"9":{"name":"(anonymous_9)","decl":{"start":{"line":47,"column":34},"end":{"line":47,"column":35}},"loc":{"start":{"line":47,"column":74},"end":{"line":56,"column":1}},"line":47}},"branchMap":{"0":{"loc":{"start":{"line":6,"column":2},"end":{"line":16,"column":3}},"type":"if","locations":[{"start":{"line":6,"column":2},"end":{"line":16,"column":3}},{"start":{"line":6,"column":2},"end":{"line":16,"column":3}}],"line":6},"1":{"loc":{"start":{"line":8,"column":9},"end":{"line":16,"column":3}},"type":"if","locations":[{"start":{"line":8,"column":9},"end":{"line":16,"column":3}},{"start":{"line":8,"column":9},"end":{"line":16,"column":3}}],"line":8},"2":{"loc":{"start":{"line":10,"column":9},"end":{"line":16,"column":3}},"type":"if","locations":[{"start":{"line":10,"column":9},"end":{"line":16,"column":3}},{"start":{"line":10,"column":9},"end":{"line":16,"column":3}}],"line":10},"3":{"loc":{"start":{"line":12,"column":9},"end":{"line":16,"column":3}},"type":"if","locations":[{"start":{"line":12,"column":9},"end":{"line":16,"column":3}},{"start":{"line":12,"column":9},"end":{"line":16,"column":3}}],"line":12},"4":{"loc":{"start":{"line":14,"column":9},"end":{"line":16,"column":3}},"type":"if","locations":[{"start":{"line":14,"column":9},"end":{"line":16,"column":3}},{"start":{"line":14,"column":9},"end":{"line":16,"column":3}}],"line":14},"5":{"loc":{"start":{"line":30,"column":2},"end":{"line":34,"column":3}},"type":"if","locations":[{"start":{"line":30,"column":2},"end":{"line":34,"column":3}},{"start":{"line":30,"column":2},"end":{"line":34,"column":3}}],"line":30},"6":{"loc":{"start":{"line":38,"column":2},"end":{"line":44,"column":3}},"type":"if","locations":[{"start":{"line":38,"column":2},"end":{"line":44,"column":3}},{"start":{"line":38,"column":2},"end":{"line":44,"column":3}}],"line":38},"7":{"loc":{"start":{"line":40,"column":62},"end":{"line":40,"column":109}},"type":"binary-expr","locations":[{"start":{"line":40,"column":62},"end":{"line":40,"column":84}},{"start":{"line":40,"column":88},"end":{"line":40,"column":109}}],"line":40},"8":{"loc":{"start":{"line":48,"column":2},"end":{"line":55,"column":3}},"type":"switch","locations":[{"start":{"line":49,"column":4},"end":{"line":50,"column":39}},{"start":{"line":51,"column":4},"end":{"line":52,"column":45}},{"start":{"line":53,"column":4},"end":{"line":54,"column":53}}],"line":48}},"s":{"0":10,"1":8,"2":8,"3":4,"4":4,"5":1,"6":3,"7":1,"8":2,"9":1,"10":1,"11":1,"12":8,"13":10,"14":0,"15":0,"16":10,"17":5,"18":7,"19":10,"20":5,"21":5,"22":9,"23":0,"24":10,"25":7,"26":7,"27":7,"28":9,"29":7,"30":0,"31":10,"32":13,"33":4,"34":3,"35":6},"f":{"0":8,"1":0,"2":0,"3":5,"4":7,"5":5,"6":9,"7":7,"8":9,"9":13},"b":{"0":[4,4],"1":[1,3],"2":[1,2],"3":[1,1],"4":[1,0],"5":[5,0],"6":[7,0],"7":[9,8],"8":[4,3,6]},"_coverageSchema":"1a1c01bbd47fc00a2c39e90264f33305004495a9","hash":"5c6b1ec1c0c8401095b708276908fef6739590f9"}
,"C:\\Users\\boris\\Desktop\\HtmlAcademy\\851191-what-to-watch-6\\src\\utils\\constatns.js": {"path":"C:\\Users\\boris\\Desktop\\HtmlAcademy\\851191-what-to-watch-6\\src\\utils\\constatns.js","statementMap":{"0":{"start":{"line":1,"column":29},"end":{"line":1,"column":41}},"1":{"start":{"line":3,"column":26},"end":{"line":23,"column":1}},"2":{"start":{"line":25,"column":24},"end":{"line":25,"column":30}},"3":{"start":{"line":27,"column":29},"end":{"line":47,"column":1}},"4":{"start":{"line":49,"column":25},"end":{"line":49,"column":102}},"5":{"start":{"line":51,"column":32},"end":{"line":51,"column":225}},"6":{"start":{"line":53,"column":27},"end":{"line":56,"column":1}},"7":{"start":{"line":58,"column":31},"end":{"line":64,"column":1}},"8":{"start":{"line":66,"column":21},"end":{"line":69,"column":1}},"9":{"start":{"line":71,"column":25},"end":{"line":71,"column":85}},"10":{"start":{"line":73,"column":22},"end":{"line":73,"column":99}},"11":{"start":{"line":75,"column":23},"end":{"line":78,"column":1}},"12":{"start":{"line":80,"column":27},"end":{"line":83,"column":1}},"13":{"start":{"line":85,"column":40},"end":{"line":85,"column":42}},"14":{"start":{"line":87,"column":32},"end":{"line":90,"column":1}},"15":{"start":{"line":92,"column":40},"end":{"line":92,"column":41}},"16":{"start":{"line":94,"column":26},"end":{"line":104,"column":1}},"17":{"start":{"line":106,"column":28},"end":{"line":106,"column":59}},"18":{"start":{"line":108,"column":46},"end":{"line":108,"column":47}},"19":{"start":{"line":110,"column":35},"end":{"line":113,"column":1}},"20":{"start":{"line":115,"column":25},"end":{"line":115,"column":59}}},"fnMap":{},"branchMap":{},"s":{"0":42,"1":42,"2":42,"3":42,"4":42,"5":42,"6":42,"7":42,"8":42,"9":42,"10":42,"11":42,"12":42,"13":42,"14":42,"15":42,"16":42,"17":42,"18":42,"19":42,"20":42},"f":{},"b":{},"_coverageSchema":"1a1c01bbd47fc00a2c39e90264f33305004495a9","hash":"500cae6dd215e90b79185e66e69d308aec662d34"}
}
