TN:
SF:src\data-structure.js
FNF:0
FNH:0
DA:1,32
DA:21,32
DA:81,32
DA:92,32
DA:97,32
LF:5
LH:5
BRF:0
BRH:0
end_of_record
TN:
SF:src\api\api-actions.js
FN:3,(anonymous_0)
FN:3,(anonymous_1)
FN:5,(anonymous_2)
FN:5,(anonymous_3)
FN:7,(anonymous_4)
FN:7,(anonymous_5)
FN:9,(anonymous_6)
FN:9,(anonymous_7)
FN:13,(anonymous_8)
FN:13,(anonymous_9)
FN:15,(anonymous_10)
FN:15,(anonymous_11)
FN:17,(anonymous_12)
FN:17,(anonymous_13)
FN:19,(anonymous_14)
FN:19,(anonymous_15)
FNF:16
FNH:16
FNDA:9,(anonymous_0)
FNDA:9,(anonymous_1)
FNDA:5,(anonymous_2)
FNDA:5,(anonymous_3)
FNDA:3,(anonymous_4)
FNDA:3,(anonymous_5)
FNDA:1,(anonymous_6)
FNDA:1,(anonymous_7)
FNDA:1,(anonymous_8)
FNDA:1,(anonymous_9)
FNDA:2,(anonymous_10)
FNDA:2,(anonymous_11)
FNDA:1,(anonymous_12)
FNDA:1,(anonymous_13)
FNDA:1,(anonymous_14)
FNDA:1,(anonymous_15)
DA:3,18
DA:5,18
DA:7,18
DA:9,18
DA:10,1
DA:13,18
DA:15,18
DA:17,18
DA:19,18
DA:20,1
LF:10
LH:10
BRDA:20,0,0,1
BRDA:20,0,1,0
BRF:2
BRH:1
end_of_record
TN:
SF:src\api\api.js
FN:10,(anonymous_0)
FN:17,(anonymous_1)
FN:19,(anonymous_2)
FNF:3
FNH:3
FNDA:12,(anonymous_0)
FNDA:8,(anonymous_1)
FNDA:1,(anonymous_2)
DA:3,18
DA:4,18
DA:6,18
DA:10,18
DA:11,12
DA:17,12
DA:19,12
DA:20,1
DA:22,1
DA:23,1
DA:25,1
DA:28,0
DA:31,12
DA:33,12
DA:36,18
LF:15
LH:14
BRDA:22,0,0,1
BRDA:22,0,1,0
BRF:2
BRH:1
end_of_record
TN:
SF:src\components\add-review\add-review.jsx
FN:12,(anonymous_0)
FN:13,(anonymous_1)
FN:19,(anonymous_2)
FN:25,(anonymous_3)
FN:26,(anonymous_4)
FNF:5
FNH:3
FNDA:2,(anonymous_0)
FNDA:4,(anonymous_1)
FNDA:2,(anonymous_2)
FNDA:0,(anonymous_3)
FNDA:0,(anonymous_4)
DA:12,2
DA:13,4
DA:14,2
DA:15,2
DA:17,2
DA:19,2
DA:20,2
DA:21,0
DA:24,2
DA:25,0
DA:26,0
DA:30,2
DA:55,2
LF:13
LH:10
BRDA:20,0,0,0
BRDA:20,0,1,2
BRDA:20,1,0,2
BRDA:20,1,1,2
BRDA:34,2,0,2
BRDA:34,2,1,0
BRDA:39,3,0,2
BRDA:39,3,1,0
BRDA:43,4,0,2
BRDA:43,4,1,0
BRF:10
BRH:6
end_of_record
TN:
SF:src\components\add-review-breadcrumbs\add-review-breadcrumbs.jsx
FN:7,(anonymous_0)
FNF:1
FNH:1
FNDA:5,(anonymous_0)
DA:7,10
DA:8,5
DA:10,5
DA:24,10
LF:4
LH:4
BRF:0
BRH:0
end_of_record
TN:
SF:src\components\add-review-form\add-review-form.jsx
FN:14,(anonymous_0)
FN:16,(anonymous_1)
FN:18,(anonymous_2)
FN:19,(anonymous_3)
FN:22,(anonymous_4)
FN:30,(anonymous_5)
FN:35,(anonymous_6)
FN:42,(anonymous_7)
FN:46,(anonymous_8)
FN:47,(anonymous_9)
FN:48,(anonymous_10)
FN:51,(anonymous_11)
FN:56,(anonymous_12)
FNF:13
FNH:6
FNDA:3,(anonymous_0)
FNDA:0,(anonymous_1)
FNDA:3,(anonymous_2)
FNDA:30,(anonymous_3)
FNDA:3,(anonymous_4)
FNDA:3,(anonymous_5)
FNDA:0,(anonymous_6)
FNDA:0,(anonymous_7)
FNDA:0,(anonymous_8)
FNDA:0,(anonymous_9)
FNDA:0,(anonymous_10)
FNDA:0,(anonymous_11)
FNDA:3,(anonymous_12)
DA:11,3
DA:12,3
DA:14,3
DA:16,3
DA:18,3
DA:19,30
DA:22,3
DA:23,3
DA:25,3
DA:30,3
DA:31,3
DA:32,3
DA:35,3
DA:36,0
DA:37,0
DA:39,0
DA:41,0
DA:43,0
DA:44,0
DA:46,0
DA:47,0
DA:51,3
DA:52,0
DA:53,0
DA:56,3
DA:58,3
DA:86,3
LF:27
LH:17
BRDA:14,0,0,3
BRDA:14,0,1,0
BRDA:14,0,2,0
BRDA:16,1,0,0
BRDA:16,1,1,0
BRDA:16,1,2,0
BRDA:32,2,0,3
BRDA:32,2,1,0
BRF:8
BRH:2
end_of_record
TN:
SF:src\components\auth-check\auth-check.jsx
FN:3,(anonymous_0)
FNF:1
FNH:1
FNDA:1,(anonymous_0)
DA:3,1
DA:4,1
LF:2
LH:2
BRF:0
BRH:0
end_of_record
TN:
SF:src\components\catalog\catalog.jsx
FN:9,(anonymous_0)
FN:14,(anonymous_1)
FN:18,(anonymous_2)
FNF:3
FNH:2
FNDA:17,(anonymous_0)
FNDA:0,(anonymous_1)
FNDA:12,(anonymous_2)
DA:9,5
DA:10,17
DA:11,17
DA:12,17
DA:14,17
DA:15,0
DA:18,17
DA:19,12
DA:22,17
DA:36,5
LF:10
LH:9
BRDA:9,0,0,9
BRDA:9,1,0,15
BRDA:24,2,0,2
BRDA:24,2,1,15
BRDA:26,3,0,17
BRDA:26,3,1,9
BRDA:30,4,0,17
BRDA:30,4,1,5
BRF:8
BRH:8
end_of_record
TN:
SF:src\components\exit-button\exit-button.jsx
FN:5,(anonymous_0)
FN:6,(anonymous_1)
FNF:2
FNH:2
FNDA:3,(anonymous_0)
FNDA:6,(anonymous_1)
DA:5,9
DA:6,6
DA:7,3
LF:3
LH:3
BRF:0
BRH:0
end_of_record
TN:
SF:src\components\footer\footer.jsx
FN:4,(anonymous_0)
FNF:1
FNH:1
FNDA:9,(anonymous_0)
DA:4,6
DA:5,9
LF:2
LH:2
BRF:0
BRH:0
end_of_record
TN:
SF:src\components\genre\genre.jsx
FN:8,(anonymous_0)
FN:9,(anonymous_1)
FNF:2
FNH:1
FNDA:15,(anonymous_0)
FNDA:0,(anonymous_1)
DA:8,7
DA:9,15
DA:10,0
DA:11,0
DA:12,0
DA:15,15
DA:24,7
LF:7
LH:4
BRF:0
BRH:0
end_of_record
TN:
SF:src\components\genres-list\genres-list.jsx
FN:7,(anonymous_0)
FN:8,(anonymous_1)
FN:9,(anonymous_2)
FN:14,(anonymous_3)
FN:18,(anonymous_4)
FN:22,(anonymous_5)
FNF:6
FNH:5
FNDA:7,(anonymous_0)
FNDA:11,(anonymous_1)
FNDA:7,(anonymous_2)
FNDA:0,(anonymous_3)
FNDA:14,(anonymous_4)
FNDA:14,(anonymous_5)
DA:7,6
DA:8,11
DA:9,7
DA:10,7
DA:12,7
DA:14,7
DA:15,0
DA:18,14
DA:20,7
DA:22,14
DA:27,6
LF:11
LH:10
BRF:0
BRH:0
end_of_record
TN:
SF:src\components\header\header.jsx
FN:10,(anonymous_0)
FNF:1
FNH:1
FNDA:16,(anonymous_0)
DA:10,9
DA:11,16
DA:13,16
DA:18,16
DA:20,16
DA:34,9
LF:6
LH:6
BRDA:14,0,0,16
BRDA:14,0,1,14
BRDA:14,0,2,9
BRDA:15,1,0,16
BRDA:15,1,1,14
BRDA:15,1,2,13
BRDA:24,2,0,16
BRDA:24,2,1,4
BRF:8
BRH:8
end_of_record
TN:
SF:src\components\layout-router\layout-router.jsx
FN:13,(anonymous_0)
FN:24,(anonymous_1)
FN:29,(anonymous_2)
FN:32,(anonymous_3)
FN:39,(anonymous_4)
FNF:5
FNH:5
FNDA:6,(anonymous_0)
FNDA:1,(anonymous_1)
FNDA:1,(anonymous_2)
FNDA:1,(anonymous_3)
FNDA:1,(anonymous_4)
DA:13,1
DA:14,6
DA:24,1
DA:29,1
DA:33,1
DA:40,1
LF:6
LH:6
BRF:0
BRH:0
end_of_record
TN:
SF:src\components\loading\loading.jsx
FN:3,(anonymous_0)
FNF:1
FNH:1
FNDA:1,(anonymous_0)
DA:3,11
DA:4,1
LF:2
LH:2
BRF:0
BRH:0
end_of_record
TN:
SF:src\components\logo\logo.jsx
FN:8,(anonymous_0)
FN:16,(anonymous_1)
FNF:2
FNH:2
FNDA:26,(anonymous_0)
FNDA:26,(anonymous_1)
DA:8,11
DA:9,26
DA:16,11
DA:17,26
DA:18,26
DA:20,26
DA:27,11
LF:7
LH:7
BRDA:16,0,0,17
BRDA:22,1,0,9
BRDA:22,1,1,17
BRF:3
BRH:3
end_of_record
TN:
SF:src\components\main\main.jsx
FN:6,(anonymous_0)
FNF:1
FNH:1
FNDA:2,(anonymous_0)
DA:6,2
DA:7,2
LF:2
LH:2
BRF:0
BRH:0
end_of_record
TN:
SF:src\components\movie-card\movie-card.jsx
FN:10,(anonymous_0)
FN:13,(anonymous_1)
FN:15,(anonymous_2)
FN:18,(anonymous_3)
FNF:4
FNH:1
FNDA:1,(anonymous_0)
FNDA:0,(anonymous_1)
FNDA:0,(anonymous_2)
FNDA:0,(anonymous_3)
DA:10,7
DA:11,1
DA:13,1
DA:15,1
DA:17,1
DA:18,0
DA:29,7
DA:34,7
DA:39,7
LF:9
LH:8
BRDA:21,0,0,0
BRDA:21,0,1,1
BRDA:24,1,0,1
BRDA:24,1,1,1
BRF:4
BRH:3
end_of_record
TN:
SF:src\components\movie-card-add-to-list-button\movie-card-add-to-list-button.jsx
FN:8,(anonymous_0)
FN:14,(anonymous_1)
FN:20,(anonymous_2)
FN:21,(anonymous_3)
FN:26,(anonymous_4)
FN:28,(anonymous_5)
FN:29,(anonymous_6)
FNF:7
FNH:3
FNDA:0,(anonymous_0)
FNDA:10,(anonymous_1)
FNDA:10,(anonymous_2)
FNDA:20,(anonymous_3)
FNDA:0,(anonymous_4)
FNDA:0,(anonymous_5)
FNDA:0,(anonymous_6)
DA:8,8
DA:9,0
DA:14,8
DA:15,10
DA:20,8
DA:21,20
DA:22,10
DA:23,10
DA:24,10
DA:26,10
DA:27,0
DA:28,0
DA:29,0
DA:32,10
LF:14
LH:10
BRDA:34,0,0,0
BRDA:34,0,1,10
BRF:2
BRH:1
end_of_record
TN:
SF:src\components\movie-card-buttons\movie-card-buttons.jsx
FN:8,(anonymous_0)
FN:9,(anonymous_1)
FNF:2
FNH:2
FNDA:9,(anonymous_0)
FNDA:18,(anonymous_1)
DA:8,7
DA:9,18
DA:11,9
DA:22,7
LF:4
LH:4
BRDA:16,0,0,9
BRDA:16,0,1,8
BRDA:16,0,2,4
BRF:3
BRH:3
end_of_record
TN:
SF:src\components\movie-card-description\movie-card-description.jsx
FN:6,(anonymous_0)
FNF:1
FNH:1
FNDA:7,(anonymous_0)
DA:6,6
DA:7,7
DA:19,6
DA:23,6
LF:4
LH:4
BRF:0
BRH:0
end_of_record
TN:
SF:src\components\movie-card-details\movie-card-details.jsx
FN:5,(anonymous_0)
FNF:1
FNH:1
FNDA:1,(anonymous_0)
DA:5,3
DA:6,1
DA:37,3
LF:3
LH:3
BRF:0
BRH:0
end_of_record
TN:
SF:src\components\movie-card-image\movie-card-image.jsx
FN:4,(anonymous_0)
FNF:1
FNH:1
FNDA:2,(anonymous_0)
DA:4,8
DA:6,8
LF:2
LH:2
BRF:0
BRH:0
end_of_record
TN:
SF:src\components\movie-card-navigation\movie-card-navigation.jsx
FN:6,(anonymous_0)
FN:9,(anonymous_1)
FNF:2
FNH:2
FNDA:3,(anonymous_0)
FNDA:9,(anonymous_1)
DA:6,3
DA:7,3
DA:9,9
DA:14,3
LF:4
LH:4
BRF:0
BRH:0
end_of_record
TN:
SF:src\components\movie-card-overview\movie-card-overview.jsx
FN:5,(anonymous_0)
FN:6,(anonymous_1)
FNF:2
FNH:2
FNDA:3,(anonymous_0)
FNDA:3,(anonymous_1)
DA:5,3
DA:6,3
DA:8,3
DA:29,3
LF:4
LH:4
BRF:0
BRH:0
end_of_record
TN:
SF:src\components\movie-card-play-button\movie-card-play-button.jsx
FN:7,(anonymous_0)
FN:8,(anonymous_1)
FN:15,(anonymous_2)
FNF:3
FNH:2
FNDA:10,(anonymous_0)
FNDA:20,(anonymous_1)
FNDA:0,(anonymous_2)
DA:7,8
DA:8,20
DA:9,10
DA:10,10
DA:11,10
DA:13,10
DA:15,10
DA:17,10
LF:8
LH:8
BRF:0
BRH:0
end_of_record
TN:
SF:src\components\movie-card-review\movie-card-review.jsx
FN:6,(anonymous_0)
FNF:1
FNH:1
FNDA:2,(anonymous_0)
DA:6,4
DA:7,2
DA:9,2
DA:10,2
DA:12,2
DA:28,4
LF:6
LH:6
BRF:0
BRH:0
end_of_record
TN:
SF:src\components\movie-card-reviews\movie-card-reviews.jsx
FN:5,(anonymous_0)
FN:13,(anonymous_1)
FN:16,(anonymous_2)
FNF:3
FNH:2
FNDA:1,(anonymous_0)
FNDA:1,(anonymous_1)
FNDA:0,(anonymous_2)
DA:5,3
DA:6,1
DA:7,1
DA:8,1
DA:10,1
DA:13,1
DA:16,0
DA:22,3
LF:8
LH:7
BRF:0
BRH:0
end_of_record
TN:
SF:src\components\movie-card-tab\movie-card-tab.jsx
FN:7,(anonymous_0)
FNF:1
FNH:1
FNDA:10,(anonymous_0)
DA:7,4
DA:8,10
DA:9,10
DA:10,10
DA:12,10
DA:24,4
LF:6
LH:6
BRDA:10,0,0,0
BRDA:10,0,1,10
BRDA:16,1,0,4
BRDA:16,1,1,6
BRDA:18,2,0,0
BRDA:18,2,1,6
BRF:6
BRH:4
end_of_record
TN:
SF:src\components\movie-card-title\movie-card-title.jsx
FN:6,(anonymous_0)
FNF:1
FNH:1
FNDA:2,(anonymous_0)
DA:6,8
DA:7,2
DA:12,8
LF:3
LH:3
BRF:0
BRH:0
end_of_record
TN:
SF:src\components\movie-page\movie-page.jsx
FN:18,(anonymous_0)
FN:19,(anonymous_1)
FN:25,(anonymous_2)
FN:31,(anonymous_3)
FN:32,(anonymous_4)
FN:35,(anonymous_5)
FNF:6
FNH:3
FNDA:2,(anonymous_0)
FNDA:4,(anonymous_1)
FNDA:2,(anonymous_2)
FNDA:0,(anonymous_3)
FNDA:0,(anonymous_4)
FNDA:0,(anonymous_5)
DA:18,2
DA:19,4
DA:20,2
DA:21,2
DA:22,2
DA:23,2
DA:25,2
DA:26,2
DA:27,0
DA:30,2
DA:31,0
DA:32,0
DA:34,2
DA:35,0
DA:39,2
DA:98,2
LF:16
LH:12
BRDA:26,0,0,0
BRDA:26,0,1,2
BRDA:26,1,0,2
BRDA:26,1,1,2
BRDA:44,2,0,2
BRDA:44,2,1,0
BRDA:52,3,0,2
BRDA:52,3,1,0
BRDA:59,4,0,2
BRDA:59,4,1,0
BRDA:73,5,0,2
BRDA:73,5,1,0
BRDA:76,6,0,2
BRDA:76,6,1,0
BRF:14
BRH:8
end_of_record
TN:
SF:src\components\movies-list\movies-list.jsx
FN:12,(anonymous_0)
FN:16,(anonymous_1)
FN:17,(anonymous_2)
FN:23,(anonymous_3)
FN:26,(anonymous_4)
FN:29,(anonymous_5)
FN:32,(anonymous_6)
FN:34,(anonymous_7)
FN:38,(anonymous_8)
FN:40,(anonymous_9)
FN:46,(anonymous_10)
FNF:11
FNH:6
FNDA:0,(anonymous_0)
FNDA:13,(anonymous_1)
FNDA:21,(anonymous_2)
FNDA:8,(anonymous_3)
FNDA:0,(anonymous_4)
FNDA:8,(anonymous_5)
FNDA:0,(anonymous_6)
FNDA:0,(anonymous_7)
FNDA:13,(anonymous_8)
FNDA:0,(anonymous_9)
FNDA:13,(anonymous_10)
DA:12,6
DA:13,0
DA:16,6
DA:17,21
DA:18,13
DA:19,13
DA:20,13
DA:21,13
DA:23,13
DA:24,8
DA:25,8
DA:26,0
DA:29,8
DA:32,13
DA:34,13
DA:36,13
DA:38,13
DA:39,13
DA:40,0
DA:42,13
DA:46,13
DA:47,13
DA:48,13
DA:50,0
DA:54,13
DA:61,6
LF:26
LH:22
BRDA:24,0,0,8
BRDA:24,0,1,0
BRDA:36,1,0,13
BRDA:36,1,1,13
BRDA:39,2,0,0
BRDA:39,2,1,13
BRDA:47,3,0,13
BRDA:47,3,1,0
BRDA:47,4,0,13
BRDA:47,4,1,13
BRDA:56,5,0,13
BRDA:56,5,1,0
BRDA:56,6,0,13
BRDA:56,6,1,13
BRF:14
BRH:10
end_of_record
TN:
SF:src\components\my-list\my-list.jsx
FN:6,(anonymous_0)
FNF:1
FNH:1
FNDA:2,(anonymous_0)
DA:6,2
DA:7,2
LF:2
LH:2
BRF:0
BRH:0
end_of_record
TN:
SF:src\components\not-found\not-found.jsx
FN:4,(anonymous_0)
FNF:1
FNH:1
FNDA:1,(anonymous_0)
DA:4,2
DA:5,1
LF:2
LH:2
BRF:0
BRH:0
end_of_record
TN:
SF:src\components\nothing-to-display\nothing-to-display.jsx
FN:3,(anonymous_0)
FNF:1
FNH:1
FNDA:14,(anonymous_0)
DA:3,7
DA:4,14
LF:2
LH:2
BRF:0
BRH:0
end_of_record
TN:
SF:src\components\private-route\private-route.jsx
FN:8,(anonymous_0)
FN:12,(anonymous_1)
FN:14,(anonymous_2)
FN:17,(anonymous_3)
FN:26,(anonymous_4)
FNF:5
FNH:5
FNDA:1,(anonymous_0)
FNDA:6,(anonymous_1)
FNDA:13,(anonymous_2)
FNDA:6,(anonymous_3)
FNDA:6,(anonymous_4)
DA:8,4
DA:9,1
DA:12,4
DA:13,6
DA:14,13
DA:15,6
DA:17,6
DA:18,6
DA:19,1
DA:23,6
DA:27,6
DA:33,4
LF:12
LH:12
BRDA:18,0,0,1
BRDA:18,0,1,5
BRDA:27,1,0,5
BRDA:27,1,1,1
BRF:4
BRH:4
end_of_record
TN:
SF:src\components\promo-movie\promo-movie.jsx
FN:10,(anonymous_0)
FN:11,(anonymous_1)
FN:14,(anonymous_2)
FN:17,(anonymous_3)
FN:20,(anonymous_4)
FNF:5
FNH:4
FNDA:3,(anonymous_0)
FNDA:6,(anonymous_1)
FNDA:3,(anonymous_2)
FNDA:0,(anonymous_3)
FNDA:3,(anonymous_4)
DA:10,3
DA:11,6
DA:12,3
DA:14,3
DA:15,3
DA:16,0
DA:17,0
DA:20,3
DA:23,3
LF:9
LH:7
BRDA:15,0,0,0
BRDA:15,0,1,3
BRDA:26,1,0,0
BRDA:26,1,1,3
BRDA:26,2,0,3
BRDA:26,2,1,0
BRDA:34,3,0,0
BRDA:34,3,1,3
BRDA:34,4,0,3
BRDA:34,4,1,0
BRF:10
BRH:5
end_of_record
TN:
SF:src\components\promo-movie-info\promo-movie-info.jsx
FN:6,(anonymous_0)
FNF:1
FNH:1
FNDA:4,(anonymous_0)
DA:6,4
DA:7,4
DA:20,4
LF:3
LH:3
BRF:0
BRH:0
end_of_record
TN:
SF:src\components\props\movie-props.js
FNF:0
FNH:0
DA:3,24
DA:26,24
DA:31,24
DA:33,24
DA:35,24
DA:37,24
DA:39,24
DA:41,24
DA:43,24
DA:45,24
DA:47,24
DA:49,24
DA:51,24
DA:53,24
DA:55,24
DA:57,24
DA:59,24
DA:61,24
LF:18
LH:18
BRF:0
BRH:0
end_of_record
TN:
SF:src\components\rating-input\rating-input.jsx
FN:5,(anonymous_0)
FNF:1
FNH:1
FNDA:31,(anonymous_0)
DA:5,4
DA:6,31
DA:7,31
DA:8,31
DA:10,31
DA:18,4
LF:6
LH:6
BRF:0
BRH:0
end_of_record
TN:
SF:src\components\show-more\show-more.jsx
FN:4,(anonymous_0)
FNF:1
FNH:1
FNDA:6,(anonymous_0)
DA:4,6
DA:5,6
DA:10,6
LF:3
LH:3
BRF:0
BRH:0
end_of_record
TN:
SF:src\components\sign-in\sign-in.jsx
FN:11,(anonymous_0)
FN:12,(anonymous_1)
FN:15,(anonymous_2)
FN:24,(anonymous_3)
FN:25,(anonymous_4)
FN:26,(anonymous_5)
FNF:6
FNH:2
FNDA:2,(anonymous_0)
FNDA:4,(anonymous_1)
FNDA:0,(anonymous_2)
FNDA:0,(anonymous_3)
FNDA:0,(anonymous_4)
FNDA:0,(anonymous_5)
DA:9,2
DA:11,2
DA:12,4
DA:13,2
DA:15,2
DA:16,0
DA:18,0
DA:20,0
DA:24,0
DA:25,0
DA:26,0
DA:29,2
LF:12
LH:6
BRF:0
BRH:0
end_of_record
TN:
SF:src\components\user-block\user-block.jsx
FN:6,(anonymous_0)
FN:7,(anonymous_1)
FNF:2
FNH:2
FNDA:18,(anonymous_0)
FNDA:36,(anonymous_1)
DA:6,10
DA:7,36
DA:9,18
LF:3
LH:3
BRDA:11,0,0,15
BRDA:11,0,1,3
BRF:2
BRH:2
end_of_record
TN:
SF:src\components\user-block-avatar\user-block-avatar.jsx
FN:7,(anonymous_0)
FN:11,(anonymous_1)
FN:12,(anonymous_2)
FNF:3
FNH:3
FNDA:16,(anonymous_0)
FNDA:16,(anonymous_1)
FNDA:32,(anonymous_2)
DA:7,11
DA:8,16
DA:11,11
DA:12,32
DA:13,16
DA:14,16
DA:16,16
DA:23,11
LF:8
LH:8
BRDA:18,0,0,2
BRDA:18,0,1,14
BRF:2
BRH:2
end_of_record
TN:
SF:src\components\user-block-link\user-block-link.jsx
FN:5,(anonymous_0)
FNF:1
FNH:1
FNDA:4,(anonymous_0)
DA:5,11
DA:6,4
LF:2
LH:2
BRF:0
BRH:0
end_of_record
TN:
SF:src\components\video-player\video-player.jsx
FN:12,(anonymous_0)
FN:13,(anonymous_1)
FN:26,(anonymous_2)
FN:27,(anonymous_3)
FN:30,(anonymous_4)
FN:33,(anonymous_5)
FN:34,(anonymous_6)
FN:35,(anonymous_7)
FN:38,(anonymous_8)
FN:42,(anonymous_9)
FN:44,(anonymous_10)
FN:51,(anonymous_11)
FN:59,(anonymous_12)
FN:62,(anonymous_13)
FN:70,(anonymous_14)
FNF:15
FNH:8
FNDA:2,(anonymous_0)
FNDA:0,(anonymous_1)
FNDA:2,(anonymous_2)
FNDA:4,(anonymous_3)
FNDA:2,(anonymous_4)
FNDA:0,(anonymous_5)
FNDA:0,(anonymous_6)
FNDA:0,(anonymous_7)
FNDA:2,(anonymous_8)
FNDA:2,(anonymous_9)
FNDA:0,(anonymous_10)
FNDA:2,(anonymous_11)
FNDA:0,(anonymous_12)
FNDA:2,(anonymous_13)
FNDA:0,(anonymous_14)
DA:12,8
DA:13,2
DA:14,0
DA:17,2
DA:26,8
DA:27,4
DA:28,2
DA:30,2
DA:31,2
DA:32,0
DA:33,0
DA:34,0
DA:35,0
DA:38,2
DA:41,2
DA:42,2
DA:43,2
DA:44,2
DA:45,0
DA:46,0
DA:47,0
DA:51,2
DA:52,2
DA:53,2
DA:54,2
DA:55,2
DA:59,0
DA:62,2
DA:63,2
DA:64,0
DA:65,2
DA:66,2
DA:70,2
DA:72,2
DA:79,8
LF:35
LH:25
BRDA:19,0,0,0
BRDA:19,0,1,2
BRDA:20,1,0,2
BRDA:20,1,1,2
BRDA:21,2,0,2
BRDA:21,2,1,2
BRDA:26,3,0,2
BRDA:31,4,0,0
BRDA:31,4,1,2
BRDA:43,5,0,2
BRDA:43,5,1,0
BRDA:45,6,0,0
BRDA:45,6,1,0
BRDA:63,7,0,0
BRDA:63,7,1,2
BRDA:63,8,0,2
BRDA:63,8,1,2
BRDA:65,9,0,2
BRDA:65,9,1,0
BRDA:65,10,0,2
BRDA:65,10,1,2
BRDA:70,11,0,0
BRDA:70,11,1,0
BRDA:74,12,0,0
BRDA:74,12,1,2
BRDA:74,13,0,2
BRDA:74,13,1,0
BRF:27
BRH:16
end_of_record
TN:
SF:src\components\video-player-controls\video-player-controls.jsx
FN:8,(anonymous_0)
FN:14,(anonymous_1)
FN:23,(anonymous_2)
FN:33,(anonymous_3)
FNF:4
FNH:4
FNDA:3,(anonymous_0)
FNDA:1,(anonymous_1)
FNDA:2,(anonymous_2)
FNDA:3,(anonymous_3)
DA:6,9
DA:8,9
DA:9,3
DA:10,3
DA:11,3
DA:14,9
DA:15,1
DA:23,9
DA:24,2
DA:33,9
DA:34,3
DA:58,9
LF:12
LH:12
BRDA:11,0,0,0
BRDA:11,0,1,3
BRDA:45,1,0,1
BRDA:45,1,1,2
BRF:4
BRH:3
end_of_record
TN:
SF:src\middleware\redirect.js
FN:4,(anonymous_0)
FN:4,(anonymous_1)
FN:4,(anonymous_2)
FNF:3
FNH:3
FNDA:4,(anonymous_0)
FNDA:4,(anonymous_1)
FNDA:4,(anonymous_2)
DA:4,4
DA:5,4
DA:6,3
DA:9,4
LF:4
LH:4
BRDA:5,0,0,3
BRDA:5,0,1,1
BRF:2
BRH:2
end_of_record
TN:
SF:src\store\action.js
FN:23,(anonymous_0)
FN:25,(anonymous_1)
FN:27,(anonymous_2)
FN:29,(anonymous_3)
FN:31,(anonymous_4)
FN:33,(anonymous_5)
FN:35,(anonymous_6)
FN:37,(anonymous_7)
FN:39,(anonymous_8)
FN:41,(anonymous_9)
FN:43,(anonymous_10)
FN:45,(anonymous_11)
FN:47,(anonymous_12)
FN:49,(anonymous_13)
FN:51,(anonymous_14)
FN:53,(anonymous_15)
FNF:16
FNH:16
FNDA:2,(anonymous_0)
FNDA:5,(anonymous_1)
FNDA:2,(anonymous_2)
FNDA:2,(anonymous_3)
FNDA:3,(anonymous_4)
FNDA:2,(anonymous_5)
FNDA:2,(anonymous_6)
FNDA:5,(anonymous_7)
FNDA:4,(anonymous_8)
FNDA:5,(anonymous_9)
FNDA:2,(anonymous_10)
FNDA:2,(anonymous_11)
FNDA:2,(anonymous_12)
FNDA:2,(anonymous_13)
FNDA:5,(anonymous_14)
FNDA:2,(anonymous_15)
DA:3,24
DA:23,24
DA:25,24
DA:27,24
DA:29,24
DA:31,24
DA:33,24
DA:35,24
DA:37,24
DA:39,24
DA:41,24
DA:43,24
DA:45,24
DA:47,24
DA:49,24
DA:51,24
DA:53,24
LF:17
LH:17
BRF:0
BRH:0
end_of_record
TN:
SF:src\store\root-reducer.js
FNF:0
FNH:0
DA:6,10
LF:1
LH:1
BRF:0
BRH:0
end_of_record
TN:
SF:src\store\data\data.js
FN:13,(anonymous_0)
FN:14,(anonymous_1)
FN:18,(anonymous_2)
FN:21,(anonymous_3)
FN:24,(anonymous_4)
FN:27,(anonymous_5)
FN:30,(anonymous_6)
FN:33,(anonymous_7)
FN:36,(anonymous_8)
FNF:9
FNH:4
FNDA:11,(anonymous_0)
FNDA:0,(anonymous_1)
FNDA:4,(anonymous_2)
FNDA:0,(anonymous_3)
FNDA:0,(anonymous_4)
FNDA:0,(anonymous_5)
FNDA:1,(anonymous_6)
FNDA:1,(anonymous_7)
FNDA:0,(anonymous_8)
DA:5,11
DA:13,11
DA:14,11
DA:15,0
DA:16,0
DA:18,11
DA:19,4
DA:21,11
DA:22,0
DA:24,11
DA:25,0
DA:27,11
DA:28,0
DA:30,11
DA:31,1
DA:33,11
DA:34,1
DA:36,11
DA:37,0
LF:19
LH:13
BRF:0
BRH:0
end_of_record
TN:
SF:src\store\user\user.js
FN:11,(anonymous_0)
FN:12,(anonymous_1)
FN:15,(anonymous_2)
FN:18,(anonymous_3)
FNF:4
FNH:3
FNDA:11,(anonymous_0)
FNDA:0,(anonymous_1)
FNDA:2,(anonymous_2)
FNDA:2,(anonymous_3)
DA:5,11
DA:11,11
DA:12,11
DA:13,0
DA:15,11
DA:16,2
DA:18,11
DA:19,2
LF:8
LH:7
BRF:0
BRH:0
end_of_record
TN:
SF:src\store\video-player\video-player.js
FN:12,(anonymous_0)
FN:13,(anonymous_1)
FN:16,(anonymous_2)
FN:19,(anonymous_3)
FN:22,(anonymous_4)
FNF:5
FNH:5
FNDA:11,(anonymous_0)
FNDA:1,(anonymous_1)
FNDA:1,(anonymous_2)
FNDA:1,(anonymous_3)
FNDA:4,(anonymous_4)
DA:5,11
DA:12,11
DA:13,11
DA:14,1
DA:16,11
DA:17,1
DA:19,11
DA:20,1
DA:22,11
DA:23,4
LF:10
LH:10
BRF:0
BRH:0
end_of_record
TN:
SF:src\utils\common.js
FN:3,(anonymous_0)
FN:21,(anonymous_1)
FN:22,(anonymous_2)
FN:27,(anonymous_3)
FN:27,(anonymous_4)
FN:29,(anonymous_5)
FN:31,(anonymous_6)
FN:37,(anonymous_7)
FN:40,(anonymous_8)
FN:47,(anonymous_9)
FNF:10
FNH:8
FNDA:8,(anonymous_0)
FNDA:0,(anonymous_1)
FNDA:0,(anonymous_2)
FNDA:5,(anonymous_3)
FNDA:7,(anonymous_4)
FNDA:5,(anonymous_5)
FNDA:9,(anonymous_6)
FNDA:7,(anonymous_7)
FNDA:9,(anonymous_8)
FNDA:13,(anonymous_9)
DA:3,10
DA:4,8
DA:6,8
DA:7,4
DA:8,4
DA:9,1
DA:10,3
DA:11,1
DA:12,2
DA:13,1
DA:14,1
DA:15,1
DA:18,8
DA:21,10
DA:22,0
DA:23,0
DA:27,10
DA:29,10
DA:30,5
DA:31,9
DA:33,0
DA:37,10
DA:38,7
DA:39,7
DA:40,9
DA:41,7
DA:43,0
DA:47,10
DA:48,13
DA:50,4
DA:52,3
DA:54,6
LF:32
LH:28
BRDA:6,0,0,4
BRDA:6,0,1,4
BRDA:8,1,0,1
BRDA:8,1,1,3
BRDA:10,2,0,1
BRDA:10,2,1,2
BRDA:12,3,0,1
BRDA:12,3,1,1
BRDA:14,4,0,1
BRDA:14,4,1,0
BRDA:30,5,0,5
BRDA:30,5,1,0
BRDA:38,6,0,7
BRDA:38,6,1,0
BRDA:40,7,0,9
BRDA:40,7,1,8
BRDA:48,8,0,4
BRDA:48,8,1,3
BRDA:48,8,2,6
BRF:19
BRH:16
end_of_record
TN:
SF:src\utils\constatns.js
FNF:0
FNH:0
DA:1,42
DA:3,42
DA:25,42
DA:27,42
DA:49,42
DA:51,42
DA:53,42
DA:58,42
DA:66,42
DA:71,42
DA:73,42
DA:75,42
DA:80,42
DA:85,42
DA:87,42
DA:92,42
DA:94,42
DA:106,42
DA:108,42
DA:110,42
DA:115,42
LF:21
LH:21
BRF:0
BRH:0
end_of_record
